[1] "Loaded Data @ 2024-05-15 18:39:52"
[1] "1988 Blocks with probabilities > 0.45 ...2024-05-15 18:39:52"
[1] "119 Systems ...2024-05-15 18:40:03"
[1] "Running AK2211669"
[1] "Running AK2218807"
[1] "Running AK2263006"
[1] "Running AK2244159"
[1] "Running AK2225281"
[1] "Running AK2240503"
[1] "Running AK2272004"
[1] "Running AK2120606"
[1] "Running AK2130017"
[1] "Running AK2211114"
[1] "Running AK2120012"
[1] "Running AK2213564"
[1] "Running AK2226240"
[1] "Running AK2320230"
[1] "Running AK2340222"
[1] "Running AK2210419"
[1] "Running AK2261282"
[1] "Running AK2121123"
[1] "Running AK2210778"
[1] "Running AK2220139"
[1] "Running AK2226035"
[1] "Running AK2241012"
[1] "Running AK2298608"
[1] "Running AK2120193"
[1] "Running AK2210354"
[1] "Running AK2213603"
[1] "Running AK2215558"
[1] "Running AK2220094"
[1] "Running AK2226509"
[1] "Running AK2244955"
[1] "Running AK2300248"
[1] "Running AK2121479"
[1] "Running AK2226567"
[1] "Running AK2260139"
[1] "Running AK2121527"
[1] "Running AK2227734"
[1] "Running AK2250087"
[1] "Running AK2280163"
[1] "Running AK2340751"
[1] "Running AK2211423"
[1] "Running AK2213598"
[1] "Running AK2216198"
[1] "Running AK2220216"
[1] "Running AK2223315"
[1] "Running AK2224109"
[1] "Running AK2261096"
[1] "Running AK2211473"
[1] "Running AK2217576"
[1] "Running AK2263010"
[1] "Running AK2270469"
[1] "Running AK2291279"
[1] "Running AK2120224"
[1] "Running AK2121514"
[1] "Running AK2210794"
[1] "Running AK2214730"
[1] "Running AK2272016"
[1] "Running AK2298002"
[1] "Running AK2211813"
[1] "Running AK2220169"
[1] "Running AK2272752"
[1] "Running AK2299027"
[1] "Running AK2320256"
[1] "Running AK2340735"
[1] "Running AK2370879"
[1] "Running AK2110318"
[1] "Running AK2210346"
[1] "Running AK2210697"
[1] "Running AK2211431"
[1] "Running AK2212039"
[1] "Running AK2215524"
[1] "Running AK2220159"
[1] "Running AK2226428"
[1] "Running AK2227539"
[1] "Running AK2271721"
[1] "Running AK2271981"
[1] "Running AK2292186"
[1] "Running AK2299001"
[1] "Running AK2312504"
[1] "Running AK2314653"
[1] "Running AK2340141"
[1] "Running AK2211936"
[1] "Running AK2218652"
[1] "Running AK2218822"
[1] "Running AK2220086"
[1] "Running AK2220310"
[1] "Running AK2220465"
[1] "Running AK2220482"
[1] "Running AK2226410"
[1] "Running AK2249203"
[1] "Running AK2260252"
[1] "Running AK2315586"
[1] "Running AK2211164"
[1] "Running AK2220461"
[1] "Running AK2223179"
[1] "Running AK2291596"
[1] "Running AK2300222"
[1] "Running AK2211122"
[1] "Running AK2211198"
[1] "Running AK2211897"
[1] "Running AK2212916"
[1] "Running AK2213768"
[1] "Running AK2224476"
[1] "Running AK2292330"
[1] "Running AK2210401"
[1] "Running AK2210891"
[1] "Running AK2220029"
[1] "Running AK2211229"
[1] "Running AK2212461"
[1] "Running AK2213962"
[1] "Running AK2218642"
[1] "Running AK2220151"
[1] "Running AK2270207"
[1] "Running AK2272756"
[1] "Running AK2340484"
[1] "Running AK2210605"
[1] "Running AK2227149"
[1] "Running AK2261460"
[1] "Running AK2312156"
[1] "Running AK2340599"
[1] "Trimmed data to 1308 blocks ... 2024-05-15 18:40:08"
[1] "Saving table of blocks ... 2024-05-15 18:40:08"
[1] "Saving spatial aggegated files ... 2024-05-15 18:40:11"
Deleting layer `AK' using driver `GPKG'
Writing layer `AK' to data source 
  `/work/GRDVULN/PWS/Workflow/11_Post_Process_Missing/Outputs/Systems.gpkg' using driver `GPKG'
Writing 119 features with 8 fields and geometry type Multi Polygon.
[1] "SCRIPT COMPLETE ... 2024-05-15 18:40:12"
