[1] "Loaded Data @ 2024-05-15 18:41:59"
[1] "1065 Blocks with probabilities > 0.45 ...2024-05-15 18:41:59"
[1] "40 Systems ...2024-05-15 18:42:14"
[1] "Running 090400027"
[1] "Running 090400029"
[1] "Running NN0403015"
[1] "Running 090400038"
[1] "Running 090400111"
[1] "Running 090400273"
[1] "Running 090400004"
[1] "Running 090400102"
[1] "Running AZ0410701"
[1] "Running NN0436018"
[1] "Running 090400006"
[1] "Running 090400107"
[1] "Running 090400036"
[1] "Running 090400041"
[1] "Running NN0436014"
[1] "Running NN0403055"
[1] "Running 090400395"
[1] "Running AZ0403385"
[1] "Running NN4900225"
[1] "Running NN0400813"
[1] "Running NN4900227"
[1] "Running 090400019"
[1] "Running NN0403024"
[1] "Running NN0432005"
[1] "Running NN4903073"
[1] "Running 090400242"
[1] "Running NN0435009"
[1] "Running NN4903072"
[1] "Running 090400037"
[1] "Running 090400118"
[1] "Running NN0400814"
[1] "Running NN4903074"
[1] "Running NN0400208"
[1] "Running NN3510002"
[1] "Running NN4933011"
[1] "Running NN0400825"
[1] "Running AZ0408074"
[1] "Running 090400002"
[1] "Running AZ0401076"
[1] "Running NN0400824"
[1] "Trimmed data to 305 blocks ... 2024-05-15 18:42:30"
[1] "Saving table of blocks ... 2024-05-15 18:42:30"
[1] "Saving spatial aggegated files ... 2024-05-15 18:42:36"
Deleting layer `AZ' using driver `GPKG'
Writing layer `AZ' to data source 
  `/work/GRDVULN/PWS/Workflow/11_Post_Process_Missing/Outputs/Systems.gpkg' using driver `GPKG'
Writing 40 features with 8 fields and geometry type Multi Polygon.
[1] "SCRIPT COMPLETE ... 2024-05-15 18:42:36"
