[1] "Loaded Data @ 2024-05-15 18:47:03"
[1] "4506 Blocks with probabilities > 0.45 ...2024-05-15 18:47:03"
[1] "224 Systems ...2024-05-15 18:47:56"
[1] "Running CO0120153"
[1] "Running CO0121841"
[1] "Running CO0144621"
[1] "Running CO0145120"
[1] "Running CO0145300"
[1] "Running CO0149843"
[1] "Running CO0154466"
[1] "Running CO0121240"
[1] "Running CO0121245"
[1] "Running CO0128625"
[1] "Running CO0145480"
[1] "Running CO0145630"
[1] "Running CO0150100"
[1] "Running CO0215225"
[1] "Running CO0118002"
[1] "Running CO0145660"
[1] "Running CO0145690"
[1] "Running CO0145750"
[1] "Running CO0145780"
[1] "Running CO0145810"
[1] "Running CO0207504"
[1] "Running CO0219123"
[1] "Running CO0222518"
[1] "Running 080890001"
[1] "Running CO0107582"
[1] "Running CO0107710"
[1] "Running CO0112810"
[1] "Running CO0115152"
[1] "Running CO0121060"
[1] "Running CO0123123"
[1] "Running CO0123595"
[1] "Running CO0128400"
[1] "Running CO0145180"
[1] "Running CO0251743"
[1] "Running CO0101187"
[1] "Running CO0115185"
[1] "Running CO0133150"
[1] "Running CO0133300"
[1] "Running CO0133600"
[1] "Running CO0134270"
[1] "Running CO0149300"
[1] "Running CO0154205"
[1] "Running CO0157950"
[1] "Running CO0162285"
[1] "Running CO0101188"
[1] "Running CO0108960"
[1] "Running CO0121750"
[1] "Running CO0123188"
[1] "Running CO0154500"
[1] "Running CO0101031"
[1] "Running CO0111500"
[1] "Running CO0115724"
[1] "Running CO0121710"
[1] "Running CO0123670"
[1] "Running CO0123842"
[1] "Running CO0145330"
[1] "Running CO0157300"
[1] "Running CO0160275"
[1] "Running CO0162159"
[1] "Running CO0223279"
[1] "Running CO0102300"
[1] "Running CO0108050"
[1] "Running CO0118065"
[1] "Running CO0119139"
[1] "Running CO0123552"
[1] "Running CO0145540"
[1] "Running CO0147030"
[1] "Running CO0149611"
[1] "Running CO0154200"
[1] "Running CO0102900"
[1] "Running CO0103100"
[1] "Running CO0119501"
[1] "Running CO0120003"
[1] "Running CO0120244"
[1] "Running CO0121080"
[1] "Running CO0123675"
[1] "Running CO0136850"
[1] "Running CO0145060"
[1] "Running CO0210017"
[1] "Running CO0108800"
[1] "Running CO0121488"
[1] "Running CO0123010"
[1] "Running CO0123345"
[1] "Running CO0123601"
[1] "Running CO0123718"
[1] "Running CO0125916"
[1] "Running CO0139510"
[1] "Running CO0159005"
[1] "Running CO0115168"
[1] "Running CO0115305"
[1] "Running CO0115610"
[1] "Running CO0116175"
[1] "Running CO0120245"
[1] "Running CO0123510"
[1] "Running CO0123860"
[1] "Running CO0134191"
[1] "Running CO0134720"
[1] "Running CO0134900"
[1] "Running CO0157900"
[1] "Running CO0159090"
[1] "Running CO0101100"
[1] "Running CO0103081"
[1] "Running CO0107489"
[1] "Running CO0121025"
[1] "Running CO0123485"
[1] "Running CO0128650"
[1] "Running CO0130344"
[1] "Running CO0145360"
[1] "Running CO0215538"
[1] "Running CO0247010"
[1] "Running CO0107135"
[1] "Running CO0108350"
[1] "Running CO0120384"
[1] "Running CO0121188"
[1] "Running CO0123605"
[1] "Running CO0149155"
[1] "Running CO0150400"
[1] "Running CO0154285"
[1] "Running CO0252160"
[1] "Running CO0101080"
[1] "Running CO0116553"
[1] "Running CO0125840"
[1] "Running CO0135001"
[1] "Running CO0160711"
[1] "Running CO0160950"
[1] "Running CO0103040"
[1] "Running CO0118070"
[1] "Running CO0121111"
[1] "Running CO0121220"
[1] "Running CO0121724"
[1] "Running CO0123360"
[1] "Running CO0130800"
[1] "Running CO0139220"
[1] "Running CO0149842"
[1] "Running CO0251452"
[1] "Running CO0101800"
[1] "Running CO0107321"
[1] "Running CO0134758"
[1] "Running CO0136175"
[1] "Running CO0137016"
[1] "Running CO0143177"
[1] "Running CO0254342"
[1] "Running CO0107510"
[1] "Running CO0114550"
[1] "Running CO0130070"
[1] "Running CO0130152"
[1] "Running CO0134176"
[1] "Running CO0134192"
[1] "Running CO0143233"
[1] "Running CO0143719"
[1] "Running CO0154117"
[1] "Running CO0160180"
[1] "Running CO0260533"
[1] "Running CO0101180"
[1] "Running CO0123742"
[1] "Running CO0134540"
[1] "Running CO0134717"
[1] "Running CO0134730"
[1] "Running CO0141250"
[1] "Running CO0154715"
[1] "Running CO0104393"
[1] "Running CO0107184"
[1] "Running CO0119124"
[1] "Running CO0123170"
[1] "Running CO0130025"
[1] "Running CO0130138"
[1] "Running CO0130466"
[1] "Running CO0139166"
[1] "Running CO0115726"
[1] "Running CO0139475"
[1] "Running CO0143510"
[1] "Running CO0149185"
[1] "Running CO0149613"
[1] "Running CO0160050"
[1] "Running CO0162275"
[1] "Running CO0162710"
[1] "Running CO0101610"
[1] "Running CO0103153"
[1] "Running CO0103183"
[1] "Running CO0115716"
[1] "Running CO0130718"
[1] "Running CO0150850"
[1] "Running CO0160750"
[1] "Running CO0223343"
[1] "Running CO0234837"
[1] "Running CO0101110"
[1] "Running CO0103055"
[1] "Running CO0115725"
[1] "Running CO0118175"
[1] "Running CO0130321"
[1] "Running CO0135476"
[1] "Running CO0135553"
[1] "Running CO0149588"
[1] "Running CO0159063"
[1] "Running CO0254676"
[1] "Running CO0107810"
[1] "Running CO0119717"
[1] "Running CO0130125"
[1] "Running CO0134690"
[1] "Running CO0159070"
[1] "Running CO0223810"
[1] "Running CO0119246"
[1] "Running CO0123567"
[1] "Running CO0125675"
[1] "Running CO0126117"
[1] "Running CO0138725"
[1] "Running CO0149160"
[1] "Running CO0157011"
[1] "Running CO0162302"
[1] "Running CO0121176"
[1] "Running CO0121415"
[1] "Running CO0121718"
[1] "Running CO0126674"
[1] "Running CO0149710"
[1] "Running CO0160600"
[1] "Running CO0101015"
[1] "Running CO0101185"
[1] "Running CO0134516"
[1] "Running CO0238104"
[1] "Running CO0101034"
[1] "Running CO0118285"
[1] "Running CO0121168"
[1] "Running CO0123295"
[1] "Running CO0134790"
[1] "Trimmed data to 1303 blocks ... 2024-05-15 18:48:58"
[1] "Saving table of blocks ... 2024-05-15 18:48:58"
[1] "Saving spatial aggegated files ... 2024-05-15 18:49:16"
Deleting layer `CO' using driver `GPKG'
Writing layer `CO' to data source 
  `/work/GRDVULN/PWS/Workflow/11_Post_Process_Missing/Outputs/Systems.gpkg' using driver `GPKG'
Writing 224 features with 8 fields and geometry type Multi Polygon.
[1] "SCRIPT COMPLETE ... 2024-05-15 18:49:16"
