[1] "Loaded Data @ 2024-05-15 18:41:22"
[1] "591 Blocks with probabilities > 0.45 ...2024-05-15 18:41:22"
[1] "46 Systems ...2024-05-15 18:41:26"
[1] "Running DE0000272"
[1] "Running DE00A0699"
[1] "Running DE0003581"
[1] "Running DE00A0757"
[1] "Running DE0000464"
[1] "Running DE0000465"
[1] "Running DE0020099"
[1] "Running DE00A0575"
[1] "Running DE00A0420"
[1] "Running DE0000549"
[1] "Running DE0000590"
[1] "Running DE0001646"
[1] "Running DE00A0424"
[1] "Running DE00A0440"
[1] "Running DE00A0680"
[1] "Running DE00A1745"
[1] "Running DE0000600"
[1] "Running DE0020066"
[1] "Running DE0000574"
[1] "Running DE0020063"
[1] "Running DE00A0522"
[1] "Running DE0000251"
[1] "Running DE0000608"
[1] "Running DE0020122"
[1] "Running DE0000430"
[1] "Running DE0000560"
[1] "Running DE0020111"
[1] "Running DE0000545"
[1] "Running DE0000011"
[1] "Running DE0000275"
[1] "Running DE0000523"
[1] "Running DE00A0327"
[1] "Running DE00A0425"
[1] "Running DE0000227"
[1] "Running DE0020065"
[1] "Running DE00A0353"
[1] "Running DE0000553"
[1] "Running DE0000888"
[1] "Running DE0000840"
[1] "Running DE0000841"
[1] "Running DE0020117"
[1] "Running DE0020103"
[1] "Running DE0020124"
[1] "Running DE0020123"
[1] "Running DE00A0770"
[1] "Running DE00A0369"
[1] "Trimmed data to 176 blocks ... 2024-05-15 18:41:30"
[1] "Saving table of blocks ... 2024-05-15 18:41:30"
[1] "Saving spatial aggegated files ... 2024-05-15 18:41:32"
Deleting layer `DE' using driver `GPKG'
Writing layer `DE' to data source 
  `/work/GRDVULN/PWS/Workflow/11_Post_Process_Missing/Outputs/Systems.gpkg' using driver `GPKG'
Writing 46 features with 8 fields and geometry type Multi Polygon.
[1] "SCRIPT COMPLETE ... 2024-05-15 18:41:33"
