[1] "Loaded Data @ 2024-05-15 18:51:47"
[1] "10755 Blocks with probabilities > 0.45 ...2024-05-15 18:51:47"
[1] "305 Systems ...2024-05-15 18:52:15"
[1] "Running FL2121023"
[1] "Running FL3420340"
[1] "Running FL3641308"
[1] "Running FL4430774"
[1] "Running FL2124295"
[1] "Running FL3350172"
[1] "Running FL3420939"
[1] "Running FL3641444"
[1] "Running FL2041320"
[1] "Running FL3424662"
[1] "Running FL3490770"
[1] "Running FL3532582"
[1] "Running FL3640727"
[1] "Running FL4561005"
[1] "Running FL6531751"
[1] "Running FL1460830"
[1] "Running FL3421118"
[1] "Running FL4500068"
[1] "Running FL6530723"
[1] "Running FL3424062"
[1] "Running FL3530814"
[1] "Running FL3535116"
[1] "Running FL6144834"
[1] "Running FL6280158"
[1] "Running FL6284089"
[1] "Running FL6291761"
[1] "Running FL6530717"
[1] "Running FL6531024"
[1] "Running FL6531328"
[1] "Running FL6531991"
[1] "Running FL6532339"
[1] "Running FL6532347"
[1] "Running FL6534902"
[1] "Running FL1204067"
[1] "Running FL3424621"
[1] "Running FL3490816"
[1] "Running FL3640285"
[1] "Running FL6090729"
[1] "Running FL6290190"
[1] "Running FL6292654"
[1] "Running FL6295311"
[1] "Running FL6295577"
[1] "Running FL6296006"
[1] "Running FL6531000"
[1] "Running FL6605032"
[1] "Running FL1394012"
[1] "Running FL1460826"
[1] "Running FL2120047"
[1] "Running FL2544444"
[1] "Running FL3354657"
[1] "Running FL3424649"
[1] "Running FL3490293"
[1] "Running FL3491904"
[1] "Running FL3640156"
[1] "Running FL6271942"
[1] "Running FL6290685"
[1] "Running FL6422359"
[1] "Running FL6422362"
[1] "Running FL6530261"
[1] "Running FL6530399"
[1] "Running FL6531584"
[1] "Running FL6531657"
[1] "Running FL3350851"
[1] "Running FL5110087"
[1] "Running FL6290017"
[1] "Running FL6290696"
[1] "Running FL6291547"
[1] "Running FL6291684"
[1] "Running FL6295983"
[1] "Running FL6412418"
[1] "Running FL6511076"
[1] "Running FL6511569"
[1] "Running FL6532345"
[1] "Running FL6534886"
[1] "Running FL6600533"
[1] "Running FL3350062"
[1] "Running FL3421314"
[1] "Running FL3421528"
[1] "Running FL3490986"
[1] "Running FL6080256"
[1] "Running FL6090898"
[1] "Running FL6270269"
[1] "Running FL6290309"
[1] "Running FL6290430"
[1] "Running FL6295621"
[1] "Running FL6510165"
[1] "Running FL6511348"
[1] "Running FL6521000"
[1] "Running FL6534553"
[1] "Running FL1374054"
[1] "Running FL2544265"
[1] "Running FL3420965"
[1] "Running FL3494418"
[1] "Running FL4504396"
[1] "Running FL5224074"
[1] "Running FL6291213"
[1] "Running FL6294172"
[1] "Running FL6510689"
[1] "Running FL2451322"
[1] "Running FL2544488"
[1] "Running FL3351567"
[1] "Running FL3420761"
[1] "Running FL3494416"
[1] "Running FL3530711"
[1] "Running FL3590685"
[1] "Running FL4431235"
[1] "Running FL4560266"
[1] "Running FL6090411"
[1] "Running FL6091876"
[1] "Running FL6290740"
[1] "Running FL6290847"
[1] "Running FL6291341"
[1] "Running FL6292099"
[1] "Running FL6294733"
[1] "Running FL6295613"
[1] "Running FL6295649"
[1] "Running FL6295994"
[1] "Running FL6531305"
[1] "Running FL6532715"
[1] "Running FL1200885"
[1] "Running FL3420916"
[1] "Running FL4564399"
[1] "Running FL6290631"
[1] "Running FL6291575"
[1] "Running FL6292645"
[1] "Running FL6510709"
[1] "Running FL6531426"
[1] "Running FL6531993"
[1] "Running FL6534771"
[1] "Running FL2164494"
[1] "Running FL2451147"
[1] "Running FL2550908"
[1] "Running FL3424658"
[1] "Running FL4504285"
[1] "Running FL4560075"
[1] "Running FL4565097"
[1] "Running FL5280211"
[1] "Running FL6094892"
[1] "Running FL6271553"
[1] "Running FL6290758"
[1] "Running FL6291541"
[1] "Running FL6291988"
[1] "Running FL6294850"
[1] "Running FL6295971"
[1] "Running FL6581741"
[1] "Running FL1330374"
[1] "Running FL1464068"
[1] "Running FL2124409"
[1] "Running FL3354142"
[1] "Running FL3420216"
[1] "Running FL3480149"
[1] "Running FL6280273"
[1] "Running FL6292755"
[1] "Running FL6510778"
[1] "Running FL6511388"
[1] "Running FL6512198"
[1] "Running FL6530686"
[1] "Running FL1204079"
[1] "Running FL2554332"
[1] "Running FL3351455"
[1] "Running FL3354968"
[1] "Running FL3494359"
[1] "Running FL4431582"
[1] "Running FL6290047"
[1] "Running FL6290251"
[1] "Running FL6290276"
[1] "Running FL6290728"
[1] "Running FL6291529"
[1] "Running FL6295569"
[1] "Running FL6530079"
[1] "Running FL6601345"
[1] "Running FL3350783"
[1] "Running FL3421159"
[1] "Running FL4060846"
[1] "Running FL4131474"
[1] "Running FL5364149"
[1] "Running FL6271934"
[1] "Running FL6291445"
[1] "Running FL6294552"
[1] "Running FL6295202"
[1] "Running FL6424371"
[1] "Running FL6530746"
[1] "Running FL6534880"
[1] "Running FL1370077"
[1] "Running FL3420805"
[1] "Running FL3421573"
[1] "Running FL3491077"
[1] "Running FL3491909"
[1] "Running FL4134357"
[1] "Running FL6291531"
[1] "Running FL6292235"
[1] "Running FL2450431"
[1] "Running FL2550866"
[1] "Running FL3531546"
[1] "Running FL3600009"
[1] "Running FL4500634"
[1] "Running FL5364151"
[1] "Running FL6290474"
[1] "Running FL6531396"
[1] "Running FL6531923"
[1] "Running FL6534999"
[1] "Running FL1030568"
[1] "Running FL2160654"
[1] "Running FL3424061"
[1] "Running FL4060419"
[1] "Running FL4131001"
[1] "Running FL4431456"
[1] "Running FL5110058"
[1] "Running FL6084007"
[1] "Running FL6290960"
[1] "Running FL6291847"
[1] "Running FL6291882"
[1] "Running FL6292096"
[1] "Running FL6294333"
[1] "Running FL6295240"
[1] "Running FL6514873"
[1] "Running FL6530698"
[1] "Running FL6530870"
[1] "Running FL6531265"
[1] "Running FL6531697"
[1] "Running FL3354886"
[1] "Running FL3494440"
[1] "Running FL3531198"
[1] "Running FL4130662"
[1] "Running FL4565204"
[1] "Running FL6290072"
[1] "Running FL6290392"
[1] "Running FL6292089"
[1] "Running FL6292653"
[1] "Running FL6296005"
[1] "Running FL1370096"
[1] "Running FL2614268"
[1] "Running FL3050341"
[1] "Running FL3354998"
[1] "Running FL3421467"
[1] "Running FL3494316"
[1] "Running FL3494320"
[1] "Running FL3594214"
[1] "Running FL3640748"
[1] "Running FL4474462"
[1] "Running FL4564007"
[1] "Running FL6296416"
[1] "Running FL6510379"
[1] "Running FL6514545"
[1] "Running FL6514852"
[1] "Running FL6530521"
[1] "Running FL6531161"
[1] "Running FL1204063"
[1] "Running FL1234013"
[1] "Running FL2160254"
[1] "Running FL3350900"
[1] "Running FL3351348"
[1] "Running FL3480792"
[1] "Running FL3491002"
[1] "Running FL3594186"
[1] "Running FL4500455"
[1] "Running FL4564322"
[1] "Running FL6290256"
[1] "Running FL6291870"
[1] "Running FL6292081"
[1] "Running FL6292643"
[1] "Running FL6295493"
[1] "Running FL6296199"
[1] "Running FL6296243"
[1] "Running FL6296317"
[1] "Running FL6531052"
[1] "Running FL2454138"
[1] "Running FL3494313"
[1] "Running FL6090156"
[1] "Running FL6291087"
[1] "Running FL6291104"
[1] "Running FL6292649"
[1] "Running FL6295604"
[1] "Running FL6510603"
[1] "Running FL6531792"
[1] "Running FL6601467"
[1] "Running FL2160824"
[1] "Running FL3491726"
[1] "Running FL6091816"
[1] "Running FL6142734"
[1] "Running FL6290112"
[1] "Running FL6292080"
[1] "Running FL6295112"
[1] "Running FL6296407"
[1] "Running FL6524777"
[1] "Running FL1034054"
[1] "Running FL1370419"
[1] "Running FL3350980"
[1] "Running FL3494400"
[1] "Running FL4565198"
[1] "Running FL6291483"
[1] "Running FL6296389"
[1] "Running FL6531812"
[1] "Running FL6601460"
[1] "Running FL2164400"
[1] "Running FL6510678"
[1] "Running FL6531837"
[1] "Running FL2401312"
[1] "Running FL3594216"
[1] "Running FL4504287"
[1] "Running FL6292647"
[1] "Running FL6295265"
[1] "Running FL6296249"
[1] "Running FL6412533"
[1] "Running FL6530573"
[1] "Trimmed data to 1978 blocks ... 2024-05-15 18:52:52"
[1] "Saving table of blocks ... 2024-05-15 18:52:52"
[1] "Saving spatial aggegated files ... 2024-05-15 18:53:03"
Deleting layer `FL' using driver `GPKG'
Writing layer `FL' to data source 
  `/work/GRDVULN/PWS/Workflow/11_Post_Process_Missing/Outputs/Systems.gpkg' using driver `GPKG'
Writing 305 features with 8 fields and geometry type Multi Polygon.
[1] "SCRIPT COMPLETE ... 2024-05-15 18:53:03"
