[1] "Loaded Data @ 2024-05-15 18:54:06"
[1] "4870 Blocks with probabilities > 0.45 ...2024-05-15 18:54:07"
[1] "445 Systems ...2024-05-15 18:54:42"
[1] "Running GA1110093"
[1] "Running GA3110010"
[1] "Running GA1130010"
[1] "Running GA1230057"
[1] "Running GA1430007"
[1] "Running GA1830067"
[1] "Running GA1910072"
[1] "Running GA2750032"
[1] "Running GA0350004"
[1] "Running GA1090037"
[1] "Running GA1270017"
[1] "Running GA1470070"
[1] "Running GA1850030"
[1] "Running GA1850329"
[1] "Running GA1870012"
[1] "Running GA1870100"
[1] "Running GA2190054"
[1] "Running GA2250003"
[1] "Running GA2410133"
[1] "Running GA2510050"
[1] "Running GA0270038"
[1] "Running GA0310202"
[1] "Running GA0510022"
[1] "Running GA0510026"
[1] "Running GA0510055"
[1] "Running GA0510079"
[1] "Running GA0690040"
[1] "Running GA1310046"
[1] "Running GA1370058"
[1] "Running GA1370063"
[1] "Running GA1470074"
[1] "Running GA1770008"
[1] "Running GA1790122"
[1] "Running GA1850310"
[1] "Running GA1870075"
[1] "Running GA2210055"
[1] "Running GA2730014"
[1] "Running GA3210044"
[1] "Running GA0010043"
[1] "Running GA0510223"
[1] "Running GA0690074"
[1] "Running GA0750047"
[1] "Running GA1270012"
[1] "Running GA1270141"
[1] "Running GA2130010"
[1] "Running GA2410105"
[1] "Running GA0030005"
[1] "Running GA0110028"
[1] "Running GA0290023"
[1] "Running GA0710072"
[1] "Running GA1030138"
[1] "Running GA1270154"
[1] "Running GA1330014"
[1] "Running GA1330065"
[1] "Running GA1330067"
[1] "Running GA1370068"
[1] "Running GA1470058"
[1] "Running GA1610027"
[1] "Running GA1730013"
[1] "Running GA1830035"
[1] "Running GA1910022"
[1] "Running GA1910079"
[1] "Running GA1910097"
[1] "Running GA1950012"
[1] "Running GA2110055"
[1] "Running GA2290033"
[1] "Running GA2370059"
[1] "Running GA2890032"
[1] "Running GA3110107"
[1] "Running GA3210019"
[1] "Running GA0110029"
[1] "Running GA0270007"
[1] "Running GA0510112"
[1] "Running GA0590071"
[1] "Running GA0710027"
[1] "Running GA1030116"
[1] "Running GA1110069"
[1] "Running GA1790022"
[1] "Running GA1850078"
[1] "Running GA1870058"
[1] "Running GA1870090"
[1] "Running GA1910089"
[1] "Running GA1910101"
[1] "Running GA2210066"
[1] "Running GA2910097"
[1] "Running GA0290069"
[1] "Running GA0430026"
[1] "Running GA0510145"
[1] "Running GA0510267"
[1] "Running GA0690039"
[1] "Running GA0710029"
[1] "Running GA0710089"
[1] "Running GA0870065"
[1] "Running GA1270010"
[1] "Running GA1370054"
[1] "Running GA1470082"
[1] "Running GA1830068"
[1] "Running GA1850018"
[1] "Running GA1870078"
[1] "Running GA1870093"
[1] "Running GA1870094"
[1] "Running GA1870095"
[1] "Running GA2210057"
[1] "Running GA2370065"
[1] "Running GA2510048"
[1] "Running GA2610039"
[1] "Running GA2790048"
[1] "Running GA3110075"
[1] "Running GA0310194"
[1] "Running GA0310227"
[1] "Running GA0310252"
[1] "Running GA0510028"
[1] "Running GA0510035"
[1] "Running GA0710082"
[1] "Running GA1030099"
[1] "Running GA1030102"
[1] "Running GA1070030"
[1] "Running GA1570120"
[1] "Running GA1730018"
[1] "Running GA1790027"
[1] "Running GA1790132"
[1] "Running GA1830010"
[1] "Running GA1830054"
[1] "Running GA1830057"
[1] "Running GA1850025"
[1] "Running GA1850320"
[1] "Running GA1910014"
[1] "Running GA1950045"
[1] "Running GA1950072"
[1] "Running GA2210054"
[1] "Running GA2290030"
[1] "Running GA2370091"
[1] "Running GA0270011"
[1] "Running GA0310303"
[1] "Running GA0310307"
[1] "Running GA0570023"
[1] "Running GA1030160"
[1] "Running GA1270029"
[1] "Running GA1730019"
[1] "Running GA1790018"
[1] "Running GA1830017"
[1] "Running GA1830059"
[1] "Running GA1850098"
[1] "Running GA1850301"
[1] "Running GA1870102"
[1] "Running GA2110049"
[1] "Running GA2170019"
[1] "Running GA2190060"
[1] "Running GA2370063"
[1] "Running GA2370088"
[1] "Running GA2750072"
[1] "Running GA3050003"
[1] "Running GA0070006"
[1] "Running GA0310033"
[1] "Running GA0310195"
[1] "Running GA0310213"
[1] "Running GA0310282"
[1] "Running GA0510270"
[1] "Running GA0630008"
[1] "Running GA0690078"
[1] "Running GA1030136"
[1] "Running GA1190052"
[1] "Running GA1270011"
[1] "Running GA1310042"
[1] "Running GA1510013"
[1] "Running GA1830052"
[1] "Running GA1850027"
[1] "Running GA1870092"
[1] "Running GA1910074"
[1] "Running GA1950065"
[1] "Running GA2210047"
[1] "Running GA2370085"
[1] "Running GA2370093"
[1] "Running GA2750019"
[1] "Running GA3050080"
[1] "Running GA3110069"
[1] "Running GA3110114"
[1] "Running GA0130033"
[1] "Running GA0290083"
[1] "Running GA0310177"
[1] "Running GA0310200"
[1] "Running GA0310308"
[1] "Running GA0370007"
[1] "Running GA0450045"
[1] "Running GA0510021"
[1] "Running GA0590007"
[1] "Running GA0690054"
[1] "Running GA0750039"
[1] "Running GA0810008"
[1] "Running GA0810044"
[1] "Running GA1030088"
[1] "Running GA1110064"
[1] "Running GA1330008"
[1] "Running GA1330059"
[1] "Running GA1790159"
[1] "Running GA1830046"
[1] "Running GA1830064"
[1] "Running GA1850059"
[1] "Running GA1870081"
[1] "Running GA1870098"
[1] "Running GA1910012"
[1] "Running GA2110009"
[1] "Running GA2170096"
[1] "Running GA2370057"
[1] "Running GA2410006"
[1] "Running GA2970052"
[1] "Running GA3050010"
[1] "Running GA0090046"
[1] "Running GA0150106"
[1] "Running GA0290036"
[1] "Running GA0310037"
[1] "Running GA0310206"
[1] "Running GA0310238"
[1] "Running GA0510133"
[1] "Running GA0690048"
[1] "Running GA1030083"
[1] "Running GA1030090"
[1] "Running GA1050013"
[1] "Running GA1110053"
[1] "Running GA1110134"
[1] "Running GA1170037"
[1] "Running GA1270156"
[1] "Running GA1290021"
[1] "Running GA1470077"
[1] "Running GA1750033"
[1] "Running GA1790151"
[1] "Running GA1930008"
[1] "Running GA2090018"
[1] "Running GA2210060"
[1] "Running GA2510013"
[1] "Running GA2790010"
[1] "Running GA2970057"
[1] "Running GA3050030"
[1] "Running GA3110060"
[1] "Running GA0290090"
[1] "Running GA0310230"
[1] "Running GA0310304"
[1] "Running GA0510128"
[1] "Running GA0510138"
[1] "Running GA0810011"
[1] "Running GA0810013"
[1] "Running GA1030033"
[1] "Running GA1110070"
[1] "Running GA1390039"
[1] "Running GA1570109"
[1] "Running GA1790136"
[1] "Running GA1830031"
[1] "Running GA1830051"
[1] "Running GA1850077"
[1] "Running GA1870087"
[1] "Running GA1930025"
[1] "Running GA1990052"
[1] "Running GA2350000"
[1] "Running GA2670045"
[1] "Running GA2770013"
[1] "Running GA3210011"
[1] "Running GA0290067"
[1] "Running GA0310169"
[1] "Running GA0310216"
[1] "Running GA0310295"
[1] "Running GA0310297"
[1] "Running GA0510089"
[1] "Running GA0710093"
[1] "Running GA0810066"
[1] "Running GA1030122"
[1] "Running GA1030158"
[1] "Running GA1110129"
[1] "Running GA1230077"
[1] "Running GA1270181"
[1] "Running GA1330078"
[1] "Running GA1370069"
[1] "Running GA1770066"
[1] "Running GA1790029"
[1] "Running GA1850067"
[1] "Running GA1850120"
[1] "Running GA1850331"
[1] "Running GA1910010"
[1] "Running GA1950015"
[1] "Running GA2050006"
[1] "Running GA2310033"
[1] "Running GA2610017"
[1] "Running GA2770032"
[1] "Running GA2770137"
[1] "Running GA0290025"
[1] "Running GA0310212"
[1] "Running GA0310242"
[1] "Running GA0310291"
[1] "Running GA0710104"
[1] "Running GA1030133"
[1] "Running GA1270166"
[1] "Running GA1330016"
[1] "Running GA1790037"
[1] "Running GA1870069"
[1] "Running GA1950063"
[1] "Running GA2050034"
[1] "Running GA2750077"
[1] "Running GA2750078"
[1] "Running GA0290076"
[1] "Running GA0310217"
[1] "Running GA0310243"
[1] "Running GA0310301"
[1] "Running GA0510280"
[1] "Running GA0510285"
[1] "Running GA0690011"
[1] "Running GA0690055"
[1] "Running GA0710087"
[1] "Running GA1030130"
[1] "Running GA1030163"
[1] "Running GA1110126"
[1] "Running GA1330049"
[1] "Running GA1570011"
[1] "Running GA1830040"
[1] "Running GA1830043"
[1] "Running GA2210063"
[1] "Running GA2290038"
[1] "Running GA2450011"
[1] "Running GA0310199"
[1] "Running GA0310258"
[1] "Running GA0510114"
[1] "Running GA1470080"
[1] "Running GA1790096"
[1] "Running GA1830024"
[1] "Running GA1830034"
[1] "Running GA1910094"
[1] "Running GA3110062"
[1] "Running GA0130011"
[1] "Running GA0290078"
[1] "Running GA0690036"
[1] "Running GA1030087"
[1] "Running GA1030105"
[1] "Running GA1030107"
[1] "Running GA1030149"
[1] "Running GA1370070"
[1] "Running GA1770024"
[1] "Running GA1790135"
[1] "Running GA1830006"
[1] "Running GA1870060"
[1] "Running GA1870074"
[1] "Running GA1950054"
[1] "Running GA2370064"
[1] "Running GA2370090"
[1] "Running GA2370094"
[1] "Running GA0310250"
[1] "Running GA0710088"
[1] "Running GA0810053"
[1] "Running GA1030152"
[1] "Running GA1310044"
[1] "Running GA1450046"
[1] "Running GA1470081"
[1] "Running GA1690049"
[1] "Running GA1830069"
[1] "Running GA1870077"
[1] "Running GA1950068"
[1] "Running GA1950075"
[1] "Running GA2170094"
[1] "Running GA2410134"
[1] "Running GA2690005"
[1] "Running GA2990016"
[1] "Running GA0290024"
[1] "Running GA0510015"
[1] "Running GA0710028"
[1] "Running GA1110089"
[1] "Running GA1110127"
[1] "Running GA1230065"
[1] "Running GA1310021"
[1] "Running GA1330071"
[1] "Running GA1790145"
[1] "Running GA1850043"
[1] "Running GA1850333"
[1] "Running GA2070012"
[1] "Running GA2190050"
[1] "Running GA2790042"
[1] "Running GA0110031"
[1] "Running GA0310167"
[1] "Running GA0310197"
[1] "Running GA0310251"
[1] "Running GA0510141"
[1] "Running GA0510275"
[1] "Running GA1030120"
[1] "Running GA1770029"
[1] "Running GA1790121"
[1] "Running GA3050041"
[1] "Running GA0310283"
[1] "Running GA0430031"
[1] "Running GA0510051"
[1] "Running GA0510123"
[1] "Running GA0710103"
[1] "Running GA0950006"
[1] "Running GA1270007"
[1] "Running GA1270184"
[1] "Running GA1330050"
[1] "Running GA1330051"
[1] "Running GA1750104"
[1] "Running GA1770060"
[1] "Running GA1770074"
[1] "Running GA1830001"
[1] "Running GA1830008"
[1] "Running GA1830039"
[1] "Running GA1910076"
[1] "Running GA2190021"
[1] "Running GA2370046"
[1] "Running GA2750060"
[1] "Running GA0310014"
[1] "Running GA0310245"
[1] "Running GA0310305"
[1] "Running GA0390069"
[1] "Running GA0510113"
[1] "Running GA1030031"
[1] "Running GA1030127"
[1] "Running GA1130016"
[1] "Running GA1270035"
[1] "Running GA1470066"
[1] "Running GA1830027"
[1] "Running GA1850122"
[1] "Running GA1850216"
[1] "Running GA1870088"
[1] "Running GA2110008"
[1] "Running GA2510014"
[1] "Running GA2510049"
[1] "Running GA2550002"
[1] "Running GA2970046"
[1] "Running GA3050099"
[1] "Running GA0290087"
[1] "Running GA0310236"
[1] "Running GA0310306"
[1] "Running GA1830055"
[1] "Running GA3050088"
[1] "Running GA3210010"
[1] "Running GA0290070"
[1] "Running GA1030084"
[1] "Running GA1030110"
[1] "Running GA1030161"
[1] "Running GA1270182"
[1] "Running GA1330007"
[1] "Running GA1770004"
[1] "Running GA1770039"
[1] "Running GA1870082"
[1] "Running GA1910050"
[1] "Running GA2170028"
[1] "Running GA2970054"
[1] "Running GA0310239"
[1] "Running GA1330011"
[1] "Running GA1790161"
[1] "Running GA2610036"
[1] "Trimmed data to 1365 blocks ... 2024-05-15 18:55:31"
[1] "Saving table of blocks ... 2024-05-15 18:55:31"
[1] "Saving spatial aggegated files ... 2024-05-15 18:55:46"
Deleting layer `GA' using driver `GPKG'
Writing layer `GA' to data source 
  `/work/GRDVULN/PWS/Workflow/11_Post_Process_Missing/Outputs/Systems.gpkg' using driver `GPKG'
Writing 444 features with 8 fields and geometry type Multi Polygon.
[1] "SCRIPT COMPLETE ... 2024-05-15 18:55:46"
