[1] "Loaded Data @ 2024-05-15 18:40:23"
[1] "149 Blocks with probabilities > 0.45 ...2024-05-15 18:40:23"
[1] "21 Systems ...2024-05-15 18:40:24"
[1] "Running HI0000153"
[1] "Running HI0000220"
[1] "Running HI0000368"
[1] "Running HI0000166"
[1] "Running HI0000103"
[1] "Running HI0000114"
[1] "Running HI0000222"
[1] "Running HI0000422"
[1] "Running HI0000203"
[1] "Running HI0000371"
[1] "Running HI0000245"
[1] "Running HI0000254"
[1] "Running HI0000218"
[1] "Running HI0000168"
[1] "Running HI0000235"
[1] "Running HI0000328"
[1] "Running HI0000402"
[1] "Running HI0000430"
[1] "Running HI0000263"
[1] "Running HI0000319"
[1] "Running HI0000326"
[1] "Trimmed data to 76 blocks ... 2024-05-15 18:40:25"
[1] "Saving table of blocks ... 2024-05-15 18:40:25"
[1] "Saving spatial aggegated files ... 2024-05-15 18:40:26"
Deleting layer `HI' using driver `GPKG'
Writing layer `HI' to data source 
  `/work/GRDVULN/PWS/Workflow/11_Post_Process_Missing/Outputs/Systems.gpkg' using driver `GPKG'
Writing 21 features with 8 fields and geometry type Multi Polygon.
[1] "SCRIPT COMPLETE ... 2024-05-15 18:40:26"
