[1] "Loaded Data @ 2024-05-15 18:45:49"
[1] "6576 Blocks with probabilities > 0.45 ...2024-05-15 18:45:49"
[1] "115 Systems ...2024-05-15 18:46:05"
[1] "Running IA8080701"
[1] "Running IA0990701"
[1] "Running IA6000800"
[1] "Running IA7048308"
[1] "Running IA8400722"
[1] "Running IA0400902"
[1] "Running IA2100701"
[1] "Running IA9425701"
[1] "Running IA3126316"
[1] "Running IA5225316"
[1] "Running IA5225387"
[1] "Running IA5282308"
[1] "Running IA9433801"
[1] "Running IA3500933"
[1] "Running IA7177701"
[1] "Running IA8230301"
[1] "Running IA3060001"
[1] "Running IA5282304"
[1] "Running IA9433312"
[1] "Running IA9433336"
[1] "Running IA3126307"
[1] "Running IA5291301"
[1] "Running IA5300688"
[1] "Running IA5700601"
[1] "Running IA6000744"
[1] "Running IA3126308"
[1] "Running IA5159301"
[1] "Running IA5200810"
[1] "Running IA6469601"
[1] "Running IA7727604"
[1] "Running IA0400900"
[1] "Running IA5200889"
[1] "Running IA7329501"
[1] "Running IA8215304"
[1] "Running IA6300800"
[1] "Running IA7780601"
[1] "Running IA9700630"
[1] "Running IA2570301"
[1] "Running IA5208600"
[1] "Running IA9000742"
[1] "Running IA4271901"
[1] "Running IA5751040"
[1] "Running IA7048310"
[1] "Running IA7930601"
[1] "Running IA8209301"
[1] "Running IA0690304"
[1] "Running IA5280302"
[1] "Running IA5282303"
[1] "Running IA8215302"
[1] "Running IA8215325"
[1] "Running IA8215373"
[1] "Running IA3203301"
[1] "Running IA5200347"
[1] "Running IA5280304"
[1] "Running IA7048319"
[1] "Running IA7700802"
[1] "Running IA8218302"
[1] "Running IA9778301"
[1] "Running IA1667301"
[1] "Running IA2200901"
[1] "Running IA5225333"
[1] "Running IA9133601"
[1] "Running IA9200601"
[1] "Running IA0837701"
[1] "Running IA2258601"
[1] "Running IA2800901"
[1] "Running IA5200825"
[1] "Running IA5200861"
[1] "Running IA5282306"
[1] "Running IA6377601"
[1] "Running IA0709600"
[1] "Running IA5200899"
[1] "Running IA5225304"
[1] "Running IA5280305"
[1] "Running IA5280306"
[1] "Running IA0690306"
[1] "Running IA3126604"
[1] "Running IA5225303"
[1] "Running IA5225313"
[1] "Running IA6368601"
[1] "Running IA7048303"
[1] "Running IA1677601"
[1] "Running IA3126345"
[1] "Running IA5225305"
[1] "Running IA5288601"
[1] "Running IA7736601"
[1] "Running IA8222301"
[1] "Running IA8580601"
[1] "Running IA1600682"
[1] "Running IA5225309"
[1] "Running IA5225327"
[1] "Running IA5282307"
[1] "Running IA7700853"
[1] "Running IA8209307"
[1] "Running IA8503305"
[1] "Running IA9630316"
[1] "Running IA9680301"
[1] "Running IA9778110"
[1] "Running IA1178800"
[1] "Running IA2330303"
[1] "Running IA5252301"
[1] "Running IA5751301"
[1] "Running IA0819305"
[1] "Running IA5282302"
[1] "Running IA2570302"
[1] "Running IA2573301"
[1] "Running IA8209398"
[1] "Running IA8215385"
[1] "Running IA3000099"
[1] "Running IA5800901"
[1] "Running IA5225317"
[1] "Running IA5715802"
[1] "Running IA5784316"
[1] "Running IA6342308"
[1] "Trimmed data to 3564 blocks ... 2024-05-15 18:46:30"
[1] "Saving table of blocks ... 2024-05-15 18:46:30"
[1] "Saving spatial aggegated files ... 2024-05-15 18:46:37"
Deleting layer `IA' using driver `GPKG'
Writing layer `IA' to data source 
  `/work/GRDVULN/PWS/Workflow/11_Post_Process_Missing/Outputs/Systems.gpkg' using driver `GPKG'
Writing 114 features with 8 fields and geometry type Multi Polygon.
[1] "SCRIPT COMPLETE ... 2024-05-15 18:46:37"
