[1] "Loaded Data @ 2024-05-15 18:45:03"
[1] "2654 Blocks with probabilities > 0.45 ...2024-05-15 18:45:03"
[1] "203 Systems ...2024-05-15 18:45:40"
[1] "Running ID1090052"
[1] "Running ID4080034"
[1] "Running ID4430102"
[1] "Running ID1090109"
[1] "Running ID3020038"
[1] "Running ID5240040"
[1] "Running ID6390018"
[1] "Running ID1090129"
[1] "Running ID1280165"
[1] "Running ID1400021"
[1] "Running ID2290017"
[1] "Running ID3230010"
[1] "Running ID4080042"
[1] "Running ID6210003"
[1] "Running ID1090182"
[1] "Running ID1280194"
[1] "Running ID4080095"
[1] "Running ID4200048"
[1] "Running ID4430106"
[1] "Running ID5340031"
[1] "Running 101611105"
[1] "Running ID1090231"
[1] "Running ID1110019"
[1] "Running ID1280046"
[1] "Running ID1280062"
[1] "Running ID1280166"
[1] "Running ID1280271"
[1] "Running ID1400088"
[1] "Running ID2180028"
[1] "Running ID2290036"
[1] "Running ID2350030"
[1] "Running ID3370030"
[1] "Running ID4080117"
[1] "Running ID7100149"
[1] "Running ID7100208"
[1] "Running ID7330011"
[1] "Running ID1110008"
[1] "Running ID1280287"
[1] "Running ID3370036"
[1] "Running ID5070012"
[1] "Running ID6030010"
[1] "Running ID6120006"
[1] "Running ID7100088"
[1] "Running ID1090128"
[1] "Running ID1090195"
[1] "Running ID1280005"
[1] "Running ID1280184"
[1] "Running ID1280195"
[1] "Running ID1280285"
[1] "Running ID1280293"
[1] "Running ID1280308"
[1] "Running ID1280322"
[1] "Running ID2250066"
[1] "Running ID4010160"
[1] "Running ID6210017"
[1] "Running ID1280246"
[1] "Running ID1280310"
[1] "Running ID2180020"
[1] "Running ID3140035"
[1] "Running ID3140085"
[1] "Running ID3380004"
[1] "Running ID6040042"
[1] "Running ID7410047"
[1] "Running ID1280123"
[1] "Running ID1280132"
[1] "Running ID1280257"
[1] "Running ID1280268"
[1] "Running ID1400016"
[1] "Running ID2180038"
[1] "Running ID3140079"
[1] "Running ID5340015"
[1] "Running ID6210015"
[1] "Running ID1110029"
[1] "Running ID1280080"
[1] "Running ID1280135"
[1] "Running ID1280243"
[1] "Running ID2290013"
[1] "Running ID3020007"
[1] "Running ID3140061"
[1] "Running ID3140082"
[1] "Running ID3380007"
[1] "Running ID4200089"
[1] "Running ID5070093"
[1] "Running ID6210029"
[1] "Running ID7100148"
[1] "Running ID1090004"
[1] "Running ID1090092"
[1] "Running ID1090289"
[1] "Running ID1280176"
[1] "Running ID2290050"
[1] "Running ID3140132"
[1] "Running ID4200053"
[1] "Running ID4200108"
[1] "Running ID4430023"
[1] "Running ID7100022"
[1] "Running ID7100215"
[1] "Running ID1090139"
[1] "Running ID2250134"
[1] "Running ID3140142"
[1] "Running ID4200031"
[1] "Running ID5070096"
[1] "Running ID5160037"
[1] "Running ID5160043"
[1] "Running ID6030081"
[1] "Running ID7100059"
[1] "Running ID7100060"
[1] "Running ID1110023"
[1] "Running ID1280010"
[1] "Running ID1280128"
[1] "Running ID1280318"
[1] "Running ID2350025"
[1] "Running ID3140014"
[1] "Running ID4010092"
[1] "Running ID5270004"
[1] "Running ID6030068"
[1] "Running ID6390022"
[1] "Running ID1090268"
[1] "Running ID1110025"
[1] "Running ID1280093"
[1] "Running ID1280236"
[1] "Running ID1280254"
[1] "Running ID2180055"
[1] "Running ID4010005"
[1] "Running ID1090155"
[1] "Running ID1400082"
[1] "Running ID4010036"
[1] "Running ID5160003"
[1] "Running ID6030015"
[1] "Running ID7190001"
[1] "Running ID7410020"
[1] "Running ID1090090"
[1] "Running ID1280346"
[1] "Running ID3140200"
[1] "Running ID3230080"
[1] "Running ID4010055"
[1] "Running ID7410019"
[1] "Running ID7410048"
[1] "Running ID1090145"
[1] "Running ID1280066"
[1] "Running ID1280122"
[1] "Running ID2290043"
[1] "Running ID3140119"
[1] "Running ID3380019"
[1] "Running ID6150008"
[1] "Running ID7100035"
[1] "Running 101612110"
[1] "Running ID1090133"
[1] "Running ID1110007"
[1] "Running ID1280164"
[1] "Running ID3140109"
[1] "Running ID3140254"
[1] "Running ID3230028"
[1] "Running ID4200009"
[1] "Running ID1090126"
[1] "Running ID1280092"
[1] "Running ID1280149"
[1] "Running ID1280220"
[1] "Running ID3140005"
[1] "Running ID3140120"
[1] "Running ID3140125"
[1] "Running ID4200073"
[1] "Running ID7410003"
[1] "Running ID1090136"
[1] "Running ID1280117"
[1] "Running ID1280247"
[1] "Running ID2250045"
[1] "Running ID4010139"
[1] "Running ID5420014"
[1] "Running ID6060062"
[1] "Running ID7220087"
[1] "Running ID3140007"
[1] "Running ID6030040"
[1] "Running ID7330028"
[1] "Running ID1090022"
[1] "Running ID1280286"
[1] "Running ID1280288"
[1] "Running ID1280309"
[1] "Running ID3140067"
[1] "Running ID6060063"
[1] "Running ID6060082"
[1] "Running ID1280140"
[1] "Running ID1280151"
[1] "Running ID1280277"
[1] "Running ID7100013"
[1] "Running ID7100200"
[1] "Running ID1090174"
[1] "Running ID1280127"
[1] "Running ID4010240"
[1] "Running ID6030089"
[1] "Running ID6060067"
[1] "Running ID1280088"
[1] "Running ID3140274"
[1] "Running ID5070049"
[1] "Running ID6030050"
[1] "Running ID7330014"
[1] "Running ID1280174"
[1] "Running ID3140069"
[1] "Running ID4010133"
[1] "Running ID2350038"
[1] "Running ID3140018"
[1] "Running ID4010050"
[1] "Running ID4080051"
[1] "Running ID6040045"
[1] "Trimmed data to 545 blocks ... 2024-05-15 18:46:22"
[1] "Saving table of blocks ... 2024-05-15 18:46:22"
[1] "Saving spatial aggegated files ... 2024-05-15 18:46:32"
Deleting layer `ID' using driver `GPKG'
Writing layer `ID' to data source 
  `/work/GRDVULN/PWS/Workflow/11_Post_Process_Missing/Outputs/Systems.gpkg' using driver `GPKG'
Writing 203 features with 8 fields and geometry type Multi Polygon.
[1] "SCRIPT COMPLETE ... 2024-05-15 18:46:32"
