[1] "Loaded Data @ 2024-05-15 18:52:09"
[1] "3706 Blocks with probabilities > 0.45 ...2024-05-15 18:52:09"
[1] "156 Systems ...2024-05-15 18:52:20"
[1] "Running IL0010300"
[1] "Running IL1115250"
[1] "Running IL1435490"
[1] "Running IL1635090"
[1] "Running IL1995120"
[1] "Running IL0735700"
[1] "Running IL1210020"
[1] "Running IL1315300"
[1] "Running IL0770010"
[1] "Running IL1615540"
[1] "Running IL0437000"
[1] "Running IL0755125"
[1] "Running IL0915145"
[1] "Running IL1615510"
[1] "Running IL0155200"
[1] "Running IL0810030"
[1] "Running IL0955150"
[1] "Running IL0975245"
[1] "Running IL0990020"
[1] "Running IL1435170"
[1] "Running IL1615490"
[1] "Running IL1615580"
[1] "Running IL0730040"
[1] "Running IL1430080"
[1] "Running IL0977050"
[1] "Running IL0755185"
[1] "Running IL0970240"
[1] "Running IL0995750"
[1] "Running IL0190080"
[1] "Running IL0317050"
[1] "Running IL0730130"
[1] "Running IL0975736"
[1] "Running IL0990110"
[1] "Running IL1075450"
[1] "Running IL1150160"
[1] "Running IL0070060"
[1] "Running IL0075235"
[1] "Running IL0195390"
[1] "Running IL0895150"
[1] "Running IL1095200"
[1] "Running IL1195250"
[1] "Running IL1615520"
[1] "Running IL1615850"
[1] "Running IL1775255"
[1] "Running IL0310080"
[1] "Running IL0312540"
[1] "Running IL0870010"
[1] "Running IL0935200"
[1] "Running IL1635300"
[1] "Running IL0310120"
[1] "Running IL0530260"
[1] "Running IL0750020"
[1] "Running IL0894400"
[1] "Running IL0970255"
[1] "Running IL0975450"
[1] "Running IL0995150"
[1] "Running IL0310140"
[1] "Running IL0630100"
[1] "Running IL0735470"
[1] "Running IL1055500"
[1] "Running IL1610160"
[1] "Running IL2015050"
[1] "Running IL0435700"
[1] "Running IL0815110"
[1] "Running IL0995400"
[1] "Running IL1135510"
[1] "Running IL1190110"
[1] "Running IL1190600"
[1] "Running IL1795300"
[1] "Running IL2035200"
[1] "Running IL0315175"
[1] "Running IL0374860"
[1] "Running IL0375148"
[1] "Running IL0630030"
[1] "Running IL0735850"
[1] "Running IL0750910"
[1] "Running IL0895930"
[1] "Running IL1355100"
[1] "Running IL1370010"
[1] "Running IL1615150"
[1] "Running IL1670260"
[1] "Running IL0075185"
[1] "Running IL0317765"
[1] "Running IL0755389"
[1] "Running IL0975500"
[1] "Running IL1795900"
[1] "Running IL1990560"
[1] "Running IL0190070"
[1] "Running IL0310010"
[1] "Running IL0970310"
[1] "Running IL0995265"
[1] "Running IL0311960"
[1] "Running IL0970010"
[1] "Running IL0971700"
[1] "Running IL0315850"
[1] "Running IL0317550"
[1] "Running IL0554640"
[1] "Running IL0735280"
[1] "Running IL0735329"
[1] "Running IL0890080"
[1] "Running IL0895319"
[1] "Running IL0975345"
[1] "Running IL1055520"
[1] "Running IL1790030"
[1] "Running IL0015500"
[1] "Running IL0195360"
[1] "Running IL0195400"
[1] "Running IL0775410"
[1] "Running IL0975139"
[1] "Running IL0977189"
[1] "Running IL0995329"
[1] "Running IL1110040"
[1] "Running IL1631150"
[1] "Running IL1775235"
[1] "Running IL2015645"
[1] "Running IL0310370"
[1] "Running IL0895200"
[1] "Running IL1195160"
[1] "Running IL1575550"
[1] "Running IL1635080"
[1] "Running IL1797050"
[1] "Running IL2010080"
[1] "Running IL0312800"
[1] "Running IL0970100"
[1] "Running IL0970340"
[1] "Running IL1190260"
[1] "Running IL1190400"
[1] "Running IL1195180"
[1] "Running IL1195550"
[1] "Running IL1975140"
[1] "Running IL2015495"
[1] "Running IL0075105"
[1] "Running IL0195350"
[1] "Running IL0437245"
[1] "Running IL0971090"
[1] "Running IL1610410"
[1] "Running IL1795030"
[1] "Running IL2035050"
[1] "Running IL2035225"
[1] "Running IL0315910"
[1] "Running IL0375150"
[1] "Running IL0430040"
[1] "Running IL0495400"
[1] "Running IL1215510"
[1] "Running IL1430070"
[1] "Running IL1955165"
[1] "Running IL1970030"
[1] "Running IL0190660"
[1] "Running IL0317010"
[1] "Running IL0374865"
[1] "Running IL0970220"
[1] "Running IL0975227"
[1] "Running IL0975370"
[1] "Running IL1590220"
[1] "Running IL1977910"
[1] "Running IL2010460"
[1] "Trimmed data to 829 blocks ... 2024-05-15 18:52:36"
[1] "Saving table of blocks ... 2024-05-15 18:52:36"
[1] "Saving spatial aggegated files ... 2024-05-15 18:52:41"
Deleting layer `IL' using driver `GPKG'
Writing layer `IL' to data source 
  `/work/GRDVULN/PWS/Workflow/11_Post_Process_Missing/Outputs/Systems.gpkg' using driver `GPKG'
Writing 156 features with 8 fields and geometry type Multi Polygon.
[1] "SCRIPT COMPLETE ... 2024-05-15 18:52:42"
