[1] "Loaded Data @ 2024-05-15 18:46:50"
[1] "1703 Blocks with probabilities > 0.45 ...2024-05-15 18:46:50"
[1] "40 Systems ...2024-05-15 18:46:53"
[1] "Running IN5209004"
[1] "Running IN5225004"
[1] "Running IN5248021"
[1] "Running IN5271012"
[1] "Running IN5234001"
[1] "Running IN5248026"
[1] "Running IN5271016"
[1] "Running IN5291019"
[1] "Running IN5240001"
[1] "Running IN5234013"
[1] "Running IN5283014"
[1] "Running IN5219003"
[1] "Running IN5220031"
[1] "Running IN5245052"
[1] "Running IN5246004"
[1] "Running IN5267002"
[1] "Running IN5283013"
[1] "Running IN5227007"
[1] "Running IN5230010"
[1] "Running IN5257023"
[1] "Running IN5276025"
[1] "Running IN5229025"
[1] "Running IN5253006"
[1] "Running IN5239002"
[1] "Running IN5239005"
[1] "Running IN5252001"
[1] "Running IN5262006"
[1] "Running IN5277010"
[1] "Running IN5232007"
[1] "Running IN5255019"
[1] "Running IN5202018"
[1] "Running IN5245004"
[1] "Running IN5245017"
[1] "Running IN5271029"
[1] "Running IN5279023"
[1] "Running IN5222003"
[1] "Running IN5276024"
[1] "Running IN5245055"
[1] "Running IN5271025"
[1] "Running IN5271026"
[1] "Trimmed data to 165 blocks ... 2024-05-15 18:46:59"
[1] "Saving table of blocks ... 2024-05-15 18:46:59"
[1] "Saving spatial aggegated files ... 2024-05-15 18:47:00"
Deleting layer `IN' using driver `GPKG'
Writing layer `IN' to data source 
  `/work/GRDVULN/PWS/Workflow/11_Post_Process_Missing/Outputs/Systems.gpkg' using driver `GPKG'
Writing 40 features with 8 fields and geometry type Multi Polygon.
[1] "SCRIPT COMPLETE ... 2024-05-15 18:47:01"
