[1] "Loaded Data @ 2024-05-15 18:41:08"
[1] "204 Blocks with probabilities > 0.45 ...2024-05-15 18:41:08"
[1] "10 Systems ...2024-05-15 18:41:09"
[1] "Running KS2005121"
[1] "Running KS2005116"
[1] "Running KS2014923"
[1] "Running KS2016910"
[1] "Running KS2005537"
[1] "Running KS2016119"
[1] "Running KS2005107"
[1] "Running KS2012706"
[1] "Running KS2014916"
[1] "Running KS2016118"
[1] "Trimmed data to 50 blocks ... 2024-05-15 18:41:11"
[1] "Saving table of blocks ... 2024-05-15 18:41:11"
[1] "Saving spatial aggegated files ... 2024-05-15 18:41:12"
Deleting layer `KS' using driver `GPKG'
Writing layer `KS' to data source 
  `/work/GRDVULN/PWS/Workflow/11_Post_Process_Missing/Outputs/Systems.gpkg' using driver `GPKG'
Writing 10 features with 8 fields and geometry type Multi Polygon.
[1] "SCRIPT COMPLETE ... 2024-05-15 18:41:12"
