[1] "Loaded Data @ 2024-05-15 18:46:07"
[1] "4054 Blocks with probabilities > 0.45 ...2024-05-15 18:46:07"
[1] "177 Systems ...2024-05-15 18:46:30"
[1] "Running LA1059017"
[1] "Running LA1081010"
[1] "Running LA1049028"
[1] "Running LA1069012"
[1] "Running LA1111020"
[1] "Running LA1013011"
[1] "Running LA1069003"
[1] "Running LA1103178"
[1] "Running LA1111014"
[1] "Running LA1119001"
[1] "Running LA1013017"
[1] "Running LA1025011"
[1] "Running LA1027010"
[1] "Running LA1037004"
[1] "Running LA1037015"
[1] "Running LA1039015"
[1] "Running LA1055169"
[1] "Running LA1081011"
[1] "Running LA1097024"
[1] "Running LA1103193"
[1] "Running LA1119015"
[1] "Running LA1025003"
[1] "Running LA1027012"
[1] "Running LA1027013"
[1] "Running LA1055035"
[1] "Running LA1055101"
[1] "Running LA1081005"
[1] "Running LA1085041"
[1] "Running LA1103072"
[1] "Running LA1103132"
[1] "Running LA1027014"
[1] "Running LA1039018"
[1] "Running LA1059014"
[1] "Running LA1063106"
[1] "Running LA1063109"
[1] "Running LA1069011"
[1] "Running LA1083016"
[1] "Running LA1097033"
[1] "Running LA1103106"
[1] "Running LA1103165"
[1] "Running LA1103179"
[1] "Running LA1019096"
[1] "Running LA1043016"
[1] "Running LA1097008"
[1] "Running LA1103129"
[1] "Running LA1103190"
[1] "Running LA1111022"
[1] "Running LA1111025"
[1] "Running LA1113029"
[1] "Running LA1019080"
[1] "Running LA1049017"
[1] "Running LA1049023"
[1] "Running LA1055070"
[1] "Running LA1059013"
[1] "Running LA1103185"
[1] "Running LA1115047"
[1] "Running LA1117024"
[1] "Running LA1005119"
[1] "Running LA1011004"
[1] "Running LA1015009"
[1] "Running LA1103046"
[1] "Running LA1103148"
[1] "Running LA1121026"
[1] "Running LA1013016"
[1] "Running LA1019091"
[1] "Running LA1037002"
[1] "Running LA1103154"
[1] "Running LA1103198"
[1] "Running LA1055131"
[1] "Running LA1067017"
[1] "Running LA1103134"
[1] "Running LA1103139"
[1] "Running LA1103164"
[1] "Running LA1117026"
[1] "Running LA1019105"
[1] "Running LA1027008"
[1] "Running LA1059006"
[1] "Running LA1097039"
[1] "Running LA1103153"
[1] "Running LA1055074"
[1] "Running LA1061021"
[1] "Running LA1063087"
[1] "Running LA1063118"
[1] "Running LA1085058"
[1] "Running LA1097031"
[1] "Running LA1097032"
[1] "Running LA1103189"
[1] "Running LA1103197"
[1] "Running LA1035006"
[1] "Running LA1037011"
[1] "Running LA1045041"
[1] "Running LA1059009"
[1] "Running LA1073097"
[1] "Running LA1079013"
[1] "Running LA1103142"
[1] "Running LA1103200"
[1] "Running LA1117023"
[1] "Running LA2015021"
[1] "Running LA1019115"
[1] "Running LA1055048"
[1] "Running LA1103173"
[1] "Running LA1015036"
[1] "Running LA1017091"
[1] "Running LA1055094"
[1] "Running LA1055128"
[1] "Running LA1055138"
[1] "Running LA1077048"
[1] "Running LA1103147"
[1] "Running LA1019101"
[1] "Running LA1115090"
[1] "Running LA1017009"
[1] "Running LA1055140"
[1] "Running LA1055147"
[1] "Running LA1055201"
[1] "Running LA1017086"
[1] "Running LA1055199"
[1] "Running LA1103159"
[1] "Running LA1005171"
[1] "Running LA1017076"
[1] "Running LA1055116"
[1] "Running LA1055137"
[1] "Running LA1055175"
[1] "Running LA1085018"
[1] "Running LA1097026"
[1] "Running LA1099025"
[1] "Running LA1103196"
[1] "Running LA1037012"
[1] "Running LA1055067"
[1] "Running LA1055088"
[1] "Running LA1059019"
[1] "Running LA1079028"
[1] "Running LA1103110"
[1] "Running LA1117127"
[1] "Running LA1017089"
[1] "Running LA1017092"
[1] "Running LA1045040"
[1] "Running LA1055144"
[1] "Running LA1055173"
[1] "Running LA1103118"
[1] "Running LA1103122"
[1] "Running LA1105045"
[1] "Running LA1105090"
[1] "Running LA1005210"
[1] "Running LA1019024"
[1] "Running LA1055040"
[1] "Running LA1103199"
[1] "Running LA1017066"
[1] "Running LA1019001"
[1] "Running LA1033133"
[1] "Running LA1099029"
[1] "Running LA1103032"
[1] "Running LA1015047"
[1] "Running LA1017015"
[1] "Running LA1019028"
[1] "Running LA1055162"
[1] "Running LA1077046"
[1] "Running LA1103062"
[1] "Running LA2019167"
[1] "Running LA1017042"
[1] "Running LA1019085"
[1] "Running LA1055014"
[1] "Running LA1005046"
[1] "Running LA1017094"
[1] "Running LA1019098"
[1] "Running LA1055043"
[1] "Running LA1055179"
[1] "Running LA1063089"
[1] "Running LA1083017"
[1] "Running LA1103013"
[1] "Running LA1019127"
[1] "Running LA1055155"
[1] "Running LA1055164"
[1] "Running LA1063098"
[1] "Running LA1073061"
[1] "Running LA1073063"
[1] "Running LA1073090"
[1] "Running LA1103174"
[1] "Trimmed data to 1479 blocks ... 2024-05-15 18:47:02"
[1] "Saving table of blocks ... 2024-05-15 18:47:02"
[1] "Saving spatial aggegated files ... 2024-05-15 18:47:10"
Deleting layer `LA' using driver `GPKG'
Writing layer `LA' to data source 
  `/work/GRDVULN/PWS/Workflow/11_Post_Process_Missing/Outputs/Systems.gpkg' using driver `GPKG'
Writing 177 features with 8 fields and geometry type Multi Polygon.
[1] "SCRIPT COMPLETE ... 2024-05-15 18:47:11"
