[1] "Loaded Data @ 2024-05-15 18:44:40"
[1] "722 Blocks with probabilities > 0.45 ...2024-05-15 18:44:40"
[1] "88 Systems ...2024-05-15 18:44:43"
[1] "Running MA1249008"
[1] "Running MA1066001"
[1] "Running MA2028017"
[1] "Running MA4300040"
[1] "Running MA4052072"
[1] "Running MA1074005"
[1] "Running MA2011004"
[1] "Running MA2290001"
[1] "Running MA4036011"
[1] "Running MA1113017"
[1] "Running MA2140013"
[1] "Running MA4240008"
[1] "Running MA1124000"
[1] "Running MA4318107"
[1] "Running MA1132002"
[1] "Running MA1132009"
[1] "Running MA2034028"
[1] "Running MA2034031"
[1] "Running MA2115012"
[1] "Running MA3301008"
[1] "Running MA1260001"
[1] "Running MA1311002"
[1] "Running MA2037038"
[1] "Running MA2139006"
[1] "Running MA3051022"
[1] "Running MA1283019"
[1] "Running MA1289001"
[1] "Running MA2226007"
[1] "Running MA2226008"
[1] "Running MA2270009"
[1] "Running MA3078001"
[1] "Running MA4247055"
[1] "Running MA4247061"
[1] "Running MA1108009"
[1] "Running MA2054040"
[1] "Running MA2125014"
[1] "Running MA2125025"
[1] "Running MA3078008"
[1] "Running MA4172033"
[1] "Running MA4182015"
[1] "Running MA4350001"
[1] "Running MA1053033"
[1] "Running MA2110006"
[1] "Running MA3301002"
[1] "Running MA4285003"
[1] "Running MA2028018"
[1] "Running MA2125026"
[1] "Running MA2139011"
[1] "Running MA2303004"
[1] "Running MA3051021"
[1] "Running MA1111000"
[1] "Running MA1124003"
[1] "Running MA1329009"
[1] "Running MA1337000"
[1] "Running MA2139008"
[1] "Running MA3301035"
[1] "Running MA4338002"
[1] "Running MA1111001"
[1] "Running MA3023001"
[1] "Running MA3056001"
[1] "Running MA4173001"
[1] "Running MA4296017"
[1] "Running MA2002010"
[1] "Running MA4350003"
[1] "Running MA1148008"
[1] "Running MA1150003"
[1] "Running MA2287025"
[1] "Running MA3038001"
[1] "Running MA4146004"
[1] "Running MA4334090"
[1] "Running MA1074007"
[1] "Running MA3259001"
[1] "Running MA1227015"
[1] "Running MA2286012"
[1] "Running MA4145006"
[1] "Running MA2037006"
[1] "Running MA2280002"
[1] "Running MA3317001"
[1] "Running MA4146039"
[1] "Running MA1066007"
[1] "Running MA2226009"
[1] "Running MA1111025"
[1] "Running MA2034027"
[1] "Running MA2286031"
[1] "Running MA4042001"
[1] "Running MA1214001"
[1] "Running MA1024009"
[1] "Running MA2115009"
[1] "Trimmed data to 198 blocks ... 2024-05-15 18:44:50"
[1] "Saving table of blocks ... 2024-05-15 18:44:50"
[1] "Saving spatial aggegated files ... 2024-05-15 18:44:52"
Deleting layer `MA' using driver `GPKG'
Writing layer `MA' to data source 
  `/work/GRDVULN/PWS/Workflow/11_Post_Process_Missing/Outputs/Systems.gpkg' using driver `GPKG'
Writing 88 features with 8 fields and geometry type Multi Polygon.
[1] "SCRIPT COMPLETE ... 2024-05-15 18:44:52"
