[1] "Loaded Data @ 2024-05-15 18:45:54"
[1] "1296 Blocks with probabilities > 0.45 ...2024-05-15 18:45:54"
[1] "88 Systems ...2024-05-15 18:45:59"
[1] "Running MD0080010"
[1] "Running MD0010008"
[1] "Running MD0080017"
[1] "Running MD0220222"
[1] "Running MD0050217"
[1] "Running MD0070238"
[1] "Running MD0050207"
[1] "Running MD0180047"
[1] "Running MD0220212"
[1] "Running MD0220223"
[1] "Running MD0140011"
[1] "Running MD0200202"
[1] "Running MD0050209"
[1] "Running MD0120204"
[1] "Running MD0180051"
[1] "Running MD0040020"
[1] "Running MD0080030"
[1] "Running MD0070246"
[1] "Running MD0100207"
[1] "Running MD0170017"
[1] "Running MD0180041"
[1] "Running MD0190009"
[1] "Running MD0050201"
[1] "Running MD0070241"
[1] "Running MD0080035"
[1] "Running MD0080043"
[1] "Running MD0110204"
[1] "Running MD0070034"
[1] "Running MD0180057"
[1] "Running MD0180059"
[1] "Running MD0180207"
[1] "Running MD0180210"
[1] "Running MD0010049"
[1] "Running MD0020221"
[1] "Running MD0030204"
[1] "Running MD0060211"
[1] "Running MD0070206"
[1] "Running MD0080012"
[1] "Running MD0080069"
[1] "Running MD0180036"
[1] "Running MD0080031"
[1] "Running MD0080055"
[1] "Running MD0110231"
[1] "Running MD0180054"
[1] "Running MD1081005"
[1] "Running MD0030202"
[1] "Running MD0080036"
[1] "Running MD0230015"
[1] "Running MD0030017"
[1] "Running MD0040008"
[1] "Running MD0040053"
[1] "Running MD0050208"
[1] "Running MD0060019"
[1] "Running MD0070202"
[1] "Running MD0080018"
[1] "Running MD0170007"
[1] "Running MD0180048"
[1] "Running MD0210204"
[1] "Running MD0070036"
[1] "Running MD0110230"
[1] "Running MD0030210"
[1] "Running MD0080003"
[1] "Running MD0040205"
[1] "Running MD0080040"
[1] "Running MD0180045"
[1] "Running MD0230217"
[1] "Running MD0100001"
[1] "Running MD1071359"
[1] "Running MD1101230"
[1] "Running MD0020223"
[1] "Running MD0070203"
[1] "Running MD0080026"
[1] "Running MD0180042"
[1] "Running MD0190007"
[1] "Running MD1021498"
[1] "Running MD0100011"
[1] "Running MD0120021"
[1] "Running MD0080019"
[1] "Running MD0220225"
[1] "Running MD0040035"
[1] "Running MD0070251"
[1] "Running MD0130007"
[1] "Running MD0180217"
[1] "Running MD0010038"
[1] "Running MD0010045"
[1] "Running MD0070244"
[1] "Running MD0300005"
[1] "Running MD0080084"
[1] "Trimmed data to 929 blocks ... 2024-05-15 18:46:07"
[1] "Saving table of blocks ... 2024-05-15 18:46:07"
[1] "Saving spatial aggegated files ... 2024-05-15 18:46:10"
Deleting layer `MD' using driver `GPKG'
Writing layer `MD' to data source 
  `/work/GRDVULN/PWS/Workflow/11_Post_Process_Missing/Outputs/Systems.gpkg' using driver `GPKG'
Writing 88 features with 8 fields and geometry type Multi Polygon.
[1] "SCRIPT COMPLETE ... 2024-05-15 18:46:10"
