[1] "Loaded Data @ 2024-05-15 18:44:55"
[1] "1050 Blocks with probabilities > 0.45 ...2024-05-15 18:44:55"
[1] "91 Systems ...2024-05-15 18:45:03"
[1] "Running ME0003240"
[1] "Running ME0006735"
[1] "Running ME0002421"
[1] "Running ME0003535"
[1] "Running ME0092301"
[1] "Running ME0107379"
[1] "Running ME0007990"
[1] "Running ME0092175"
[1] "Running ME0007363"
[1] "Running ME0092060"
[1] "Running ME0095658"
[1] "Running ME0092364"
[1] "Running ME0095330"
[1] "Running ME0095340"
[1] "Running ME0002527"
[1] "Running ME0007378"
[1] "Running ME0092255"
[1] "Running ME0092265"
[1] "Running ME0095575"
[1] "Running ME0002439"
[1] "Running ME0006203"
[1] "Running ME0007731"
[1] "Running ME0007968"
[1] "Running ME0091285"
[1] "Running ME0092727"
[1] "Running ME0095615"
[1] "Running ME0095719"
[1] "Running ME0006648"
[1] "Running ME0008716"
[1] "Running ME0090815"
[1] "Running ME0092654"
[1] "Running ME0090615"
[1] "Running ME0092325"
[1] "Running ME0092372"
[1] "Running ME0092373"
[1] "Running ME0095701"
[1] "Running ME0108164"
[1] "Running ME0002093"
[1] "Running ME0002245"
[1] "Running ME0092363"
[1] "Running ME0092433"
[1] "Running ME0095630"
[1] "Running ME0102451"
[1] "Running ME0091500"
[1] "Running ME0092313"
[1] "Running ME0091165"
[1] "Running ME0094503"
[1] "Running ME0095570"
[1] "Running ME0095595"
[1] "Running ME0095635"
[1] "Running ME0095717"
[1] "Running ME0005192"
[1] "Running ME0008921"
[1] "Running ME0091390"
[1] "Running ME0092292"
[1] "Running ME0105637"
[1] "Running ME0092341"
[1] "Running ME0095699"
[1] "Running ME0002580"
[1] "Running ME0007372"
[1] "Running ME0092583"
[1] "Running ME0107242"
[1] "Running ME0001194"
[1] "Running ME0092318"
[1] "Running ME0292291"
[1] "Running ME0003377"
[1] "Running ME0090425"
[1] "Running ME0092552"
[1] "Running ME0002429"
[1] "Running ME0003375"
[1] "Running ME0092307"
[1] "Running ME0007001"
[1] "Running ME0091840"
[1] "Running ME0091890"
[1] "Running ME0095679"
[1] "Running ME0009003"
[1] "Running ME0090145"
[1] "Running ME0091830"
[1] "Running ME0092327"
[1] "Running ME0092359"
[1] "Running ME0094501"
[1] "Running ME0392711"
[1] "Running ME0092367"
[1] "Running ME0095190"
[1] "Running ME0292711"
[1] "Running ME0001363"
[1] "Running ME0091032"
[1] "Running ME0092791"
[1] "Running ME0092499"
[1] "Running ME0095240"
[1] "Trimmed data to 228 blocks ... 2024-05-15 18:45:13"
[1] "Saving table of blocks ... 2024-05-15 18:45:13"
[1] "Saving spatial aggegated files ... 2024-05-15 18:45:17"
Deleting layer `ME' using driver `GPKG'
Writing layer `ME' to data source 
  `/work/GRDVULN/PWS/Workflow/11_Post_Process_Missing/Outputs/Systems.gpkg' using driver `GPKG'
Writing 90 features with 8 fields and geometry type Multi Polygon.
[1] "SCRIPT COMPLETE ... 2024-05-15 18:45:17"
