[1] "Loaded Data @ 2024-05-15 18:47:30"
[1] "4106 Blocks with probabilities > 0.45 ...2024-05-15 18:47:30"
[1] "184 Systems ...2024-05-15 18:47:39"
[1] "Running MI0004653"
[1] "Running MI0007235"
[1] "Running MI0040004"
[1] "Running MI0040044"
[1] "Running MI0040151"
[1] "Running MI0040126"
[1] "Running MI0040193"
[1] "Running MI0040302"
[1] "Running MI0000813"
[1] "Running MI0040152"
[1] "Running MI0040162"
[1] "Running MI0040326"
[1] "Running MI0040682"
[1] "Running MI0002944"
[1] "Running MI0003145"
[1] "Running MI0007105"
[1] "Running MI0040029"
[1] "Running MI0040246"
[1] "Running MI0040386"
[1] "Running MI0040399"
[1] "Running MI0040452"
[1] "Running MI0040580"
[1] "Running MI0001015"
[1] "Running MI0001046"
[1] "Running MI0001905"
[1] "Running MI0003452"
[1] "Running MI0003829"
[1] "Running MI0003836"
[1] "Running MI0040015"
[1] "Running MI0040030"
[1] "Running MI0040124"
[1] "Running MI0040332"
[1] "Running MI0040347"
[1] "Running MI0040368"
[1] "Running MI0040587"
[1] "Running MI0001018"
[1] "Running MI0001653"
[1] "Running MI0003005"
[1] "Running MI0004577"
[1] "Running MI0040039"
[1] "Running MI0040092"
[1] "Running MI0040474"
[1] "Running MI0040571"
[1] "Running MI0001325"
[1] "Running MI0001980"
[1] "Running MI0007160"
[1] "Running MI0040075"
[1] "Running MI0040125"
[1] "Running MI0040202"
[1] "Running MI0040339"
[1] "Running MI0040656"
[1] "Running 055293201"
[1] "Running MI0001694"
[1] "Running MI0003757"
[1] "Running MI0007057"
[1] "Running MI0040191"
[1] "Running MI0040327"
[1] "Running MI0040491"
[1] "Running MI0000236"
[1] "Running MI0005925"
[1] "Running MI0007067"
[1] "Running MI0040091"
[1] "Running MI0040210"
[1] "Running MI0040520"
[1] "Running MI0000795"
[1] "Running MI0001256"
[1] "Running MI0001258"
[1] "Running MI0003138"
[1] "Running MI0005723"
[1] "Running MI0006435"
[1] "Running MI0007182"
[1] "Running MI0040046"
[1] "Running MI0040216"
[1] "Running MI0040351"
[1] "Running MI0040457"
[1] "Running MI0040469"
[1] "Running MI0040490"
[1] "Running MI0040575"
[1] "Running MI0001545"
[1] "Running MI0005267"
[1] "Running MI0006480"
[1] "Running MI0006532"
[1] "Running MI0006568"
[1] "Running MI0006569"
[1] "Running MI0040177"
[1] "Running MI0040481"
[1] "Running MI0070017"
[1] "Running MI0000418"
[1] "Running MI0000794"
[1] "Running MI0005335"
[1] "Running MI0006243"
[1] "Running MI0006531"
[1] "Running MI0006575"
[1] "Running MI0007125"
[1] "Running MI0040024"
[1] "Running MI0040504"
[1] "Running MI0040616"
[1] "Running MI0001327"
[1] "Running MI0003134"
[1] "Running MI0003235"
[1] "Running MI0003565"
[1] "Running MI0005816"
[1] "Running MI0006074"
[1] "Running MI0007015"
[1] "Running MI0007130"
[1] "Running MI0040425"
[1] "Running MI0040500"
[1] "Running MI0001865"
[1] "Running MI0002685"
[1] "Running MI0003966"
[1] "Running MI0040241"
[1] "Running MI0064070"
[1] "Running MI0001658"
[1] "Running MI0001669"
[1] "Running MI0002124"
[1] "Running MI0002440"
[1] "Running MI0002845"
[1] "Running MI0004595"
[1] "Running MI0005351"
[1] "Running MI0005566"
[1] "Running MI0006026"
[1] "Running MI0040158"
[1] "Running MI0040227"
[1] "Running MI0000045"
[1] "Running MI0000285"
[1] "Running MI0001932"
[1] "Running MI0004778"
[1] "Running MI0005575"
[1] "Running MI0005775"
[1] "Running MI0006820"
[1] "Running MI0007064"
[1] "Running MI0040431"
[1] "Running MI0060695"
[1] "Running MI0002926"
[1] "Running MI0005427"
[1] "Running MI0006325"
[1] "Running MI0040665"
[1] "Running MI0062955"
[1] "Running MI0001067"
[1] "Running MI0002025"
[1] "Running MI0002847"
[1] "Running MI0004320"
[1] "Running MI0004960"
[1] "Running MI0004989"
[1] "Running MI0005390"
[1] "Running MI0005840"
[1] "Running MI0064213"
[1] "Running MI0000501"
[1] "Running MI0001005"
[1] "Running MI0003694"
[1] "Running MI0060425"
[1] "Running MI0000951"
[1] "Running MI0001371"
[1] "Running MI0003139"
[1] "Running MI0003942"
[1] "Running MI0040293"
[1] "Running MI0040607"
[1] "Running MI0001037"
[1] "Running MI0001353"
[1] "Running MI0003073"
[1] "Running MI0003691"
[1] "Running MI0004561"
[1] "Running MI0006079"
[1] "Running MI0060085"
[1] "Running MI0060792"
[1] "Running MI0001253"
[1] "Running MI0001572"
[1] "Running MI0002943"
[1] "Running MI0003693"
[1] "Running MI0005673"
[1] "Running MI0005819"
[1] "Running MI0040212"
[1] "Running MI0002291"
[1] "Running MI0005353"
[1] "Running MI0003215"
[1] "Running MI0004404"
[1] "Running MI0006072"
[1] "Running MI0001652"
[1] "Running MI0004754"
[1] "Running MI0006901"
[1] "Running MI0060640"
[1] "Running MI0002654"
[1] "Running MI0063477"
[1] "Running MI0066700"
[1] "Trimmed data to 1195 blocks ... 2024-05-15 18:47:52"
[1] "Saving table of blocks ... 2024-05-15 18:47:52"
[1] "Saving spatial aggegated files ... 2024-05-15 18:47:56"
Deleting layer `MI' using driver `GPKG'
Writing layer `MI' to data source 
  `/work/GRDVULN/PWS/Workflow/11_Post_Process_Missing/Outputs/Systems.gpkg' using driver `GPKG'
Writing 184 features with 8 fields and geometry type Multi Polygon.
[1] "SCRIPT COMPLETE ... 2024-05-15 18:47:56"
