[1] "Loaded Data @ 2024-05-15 18:45:56"
[1] "1402 Blocks with probabilities > 0.45 ...2024-05-15 18:45:56"
[1] "76 Systems ...2024-05-15 18:46:02"
[1] "Running 055294304"
[1] "Running 055294405"
[1] "Running 055294802"
[1] "Running MN1040038"
[1] "Running MN1170009"
[1] "Running MN1270023"
[1] "Running MN1290008"
[1] "Running MN1030006"
[1] "Running MN1040034"
[1] "Running MN1170011"
[1] "Running MN1130024"
[1] "Running MN1710014"
[1] "Running MN1710015"
[1] "Running MN1040009"
[1] "Running MN1040033"
[1] "Running MN1040036"
[1] "Running MN1130021"
[1] "Running MN1130023"
[1] "Running MN1230004"
[1] "Running MN1680017"
[1] "Running MN1820034"
[1] "Running MN1100015"
[1] "Running MN1140020"
[1] "Running MN1520007"
[1] "Running 055294305"
[1] "Running MN1270025"
[1] "Running MN1270076"
[1] "Running MN1580023"
[1] "Running MN1610010"
[1] "Running MN1820030"
[1] "Running MN1130002"
[1] "Running MN1270061"
[1] "Running MN1540011"
[1] "Running MN1590012"
[1] "Running MN1700015"
[1] "Running MN1240019"
[1] "Running MN1310017"
[1] "Running MN1310029"
[1] "Running MN1550031"
[1] "Running MN1270066"
[1] "Running MN1720009"
[1] "Running MN1820021"
[1] "Running 055294506"
[1] "Running MN1050010"
[1] "Running MN1290011"
[1] "Running MN1730051"
[1] "Running MN1080004"
[1] "Running MN1700010"
[1] "Running MN1710013"
[1] "Running MN1800005"
[1] "Running MN1020033"
[1] "Running MN1270026"
[1] "Running MN1660005"
[1] "Running MN1690001"
[1] "Running MN1820036"
[1] "Running MN1820038"
[1] "Running MN1040032"
[1] "Running MN1190021"
[1] "Running MN1310010"
[1] "Running MN1500013"
[1] "Running MN1500023"
[1] "Running MN1700025"
[1] "Running MN1700016"
[1] "Running MN1700024"
[1] "Running MN1820002"
[1] "Running MN1020040"
[1] "Running MN1070012"
[1] "Running MN1210024"
[1] "Running MN1700021"
[1] "Running MN1820008"
[1] "Running MN1020015"
[1] "Running MN1820006"
[1] "Running MN1070024"
[1] "Running MN1190013"
[1] "Running MN1040007"
[1] "Running MN1310015"
[1] "Trimmed data to 546 blocks ... 2024-05-15 18:46:12"
[1] "Saving table of blocks ... 2024-05-15 18:46:12"
[1] "Saving spatial aggegated files ... 2024-05-15 18:46:14"
Deleting layer `MN' using driver `GPKG'
Writing layer `MN' to data source 
  `/work/GRDVULN/PWS/Workflow/11_Post_Process_Missing/Outputs/Systems.gpkg' using driver `GPKG'
Writing 76 features with 8 fields and geometry type Multi Polygon.
[1] "SCRIPT COMPLETE ... 2024-05-15 18:46:14"
