[1] "Loaded Data @ 2024-05-15 18:50:40"
[1] "38605 Blocks with probabilities > 0.45 ...2024-05-15 18:50:40"
[1] "216 Systems ...2024-05-15 18:51:33"
[1] "Running MO1010415"
[1] "Running MO1024511"
[1] "Running MO5024023"
[1] "Running MO6010258"
[1] "Running MO6010716"
[1] "Running MO4036202"
[1] "Running MO1021098"
[1] "Running MO2024382"
[1] "Running MO3021236"
[1] "Running MO3031089"
[1] "Running MO4036064"
[1] "Running MO4036309"
[1] "Running MO4048167"
[1] "Running MO4069053"
[1] "Running MO5031210"
[1] "Running MO5031298"
[1] "Running MO3010904"
[1] "Running MO4030289"
[1] "Running MO4048241"
[1] "Running MO4202639"
[1] "Running MO6031389"
[1] "Running MO2024499"
[1] "Running MO3036260"
[1] "Running MO4010670"
[1] "Running MO4036308"
[1] "Running MO5010339"
[1] "Running MO5031605"
[1] "Running MO5031606"
[1] "Running MO2024402"
[1] "Running MO4010422"
[1] "Running MO4021384"
[1] "Running MO4024608"
[1] "Running MO4031203"
[1] "Running MO5031469"
[1] "Running MO5033107"
[1] "Running MO5048274"
[1] "Running MO5048344"
[1] "Running MO5071085"
[1] "Running MO6031418"
[1] "Running MO6036096"
[1] "Running MO1024477"
[1] "Running MO5031294"
[1] "Running MO5031434"
[1] "Running MO5238288"
[1] "Running MO2010857"
[1] "Running MO3031167"
[1] "Running MO3031207"
[1] "Running MO3031232"
[1] "Running MO4031320"
[1] "Running MO5031481"
[1] "Running MO5036125"
[1] "Running MO5041129"
[1] "Running MO6010799"
[1] "Running MO6030662"
[1] "Running MO1021160"
[1] "Running MO3036216"
[1] "Running MO4036026"
[1] "Running MO5030380"
[1] "Running MO5031142"
[1] "Running MO5031192"
[1] "Running MO5031325"
[1] "Running MO5031398"
[1] "Running MO5048021"
[1] "Running MO6030484"
[1] "Running MO6030922"
[1] "Running MO6031185"
[1] "Running MO6031357"
[1] "Running MO3031244"
[1] "Running MO3069001"
[1] "Running MO3242162"
[1] "Running MO4021370"
[1] "Running MO4030275"
[1] "Running MO5030019"
[1] "Running MO5036236"
[1] "Running MO5048194"
[1] "Running MO5242478"
[1] "Running MO5301479"
[1] "Running MO3036363"
[1] "Running MO4024584"
[1] "Running MO4031453"
[1] "Running MO5031437"
[1] "Running MO5031641"
[1] "Running MO5039093"
[1] "Running MO5041266"
[1] "Running MO5048177"
[1] "Running MO6011147"
[1] "Running MO6031209"
[1] "Running MO6031324"
[1] "Running MO6031502"
[1] "Running MO6048148"
[1] "Running MO6069017"
[1] "Running MO3036362"
[1] "Running MO3048122"
[1] "Running MO4021592"
[1] "Running MO4024544"
[1] "Running MO4036194"
[1] "Running MO5036327"
[1] "Running MO5041368"
[1] "Running MO5048365"
[1] "Running MO5079504"
[1] "Running MO6031657"
[1] "Running MO6036084"
[1] "Running MO6036323"
[1] "Running MO6048094"
[1] "Running MO6251637"
[1] "Running MO1041587"
[1] "Running MO2041594"
[1] "Running MO3036066"
[1] "Running MO3041238"
[1] "Running MO5046368"
[1] "Running MO5048294"
[1] "Running MO6036053"
[1] "Running MO1041486"
[1] "Running MO3036018"
[1] "Running MO3041351"
[1] "Running MO3048254"
[1] "Running MO3079510"
[1] "Running MO4183369"
[1] "Running MO5031115"
[1] "Running MO5031173"
[1] "Running MO5041212"
[1] "Running MO6030008"
[1] "Running MO6069069"
[1] "Running MO3069014"
[1] "Running MO3238097"
[1] "Running MO4021260"
[1] "Running MO4021610"
[1] "Running MO4024208"
[1] "Running MO4048181"
[1] "Running MO5031330"
[1] "Running MO5031621"
[1] "Running MO5048020"
[1] "Running MO5069033"
[1] "Running MO5079527"
[1] "Running MO5301471"
[1] "Running MO6048048"
[1] "Running MO2010247"
[1] "Running MO3069013"
[1] "Running MO4061410"
[1] "Running MO5029099"
[1] "Running MO5031649"
[1] "Running MO5041190"
[1] "Running MO5048154"
[1] "Running MO5071593"
[1] "Running MO6031193"
[1] "Running MO6036136"
[1] "Running MO6048163"
[1] "Running MO3010146"
[1] "Running MO3069089"
[1] "Running MO4036040"
[1] "Running MO5031136"
[1] "Running MO5048032"
[1] "Running MO6036126"
[1] "Running MO1041186"
[1] "Running MO3190771"
[1] "Running MO4041636"
[1] "Running MO5031399"
[1] "Running MO5191413"
[1] "Running MO5301489"
[1] "Running MO3031208"
[1] "Running MO3048243"
[1] "Running MO4071640"
[1] "Running MO5031303"
[1] "Running MO5031544"
[1] "Running MO5069068"
[1] "Running MO6031387"
[1] "Running MO6031607"
[1] "Running MO6036062"
[1] "Running MO6048103"
[1] "Running MO6048138"
[1] "Running MO1010714"
[1] "Running MO1061484"
[1] "Running MO3036122"
[1] "Running MO3060800"
[1] "Running MO5031103"
[1] "Running MO3031290"
[1] "Running MO4069040"
[1] "Running MO4069065"
[1] "Running MO5031315"
[1] "Running MO6024405"
[1] "Running MO6031327"
[1] "Running MO6031500"
[1] "Running MO6069045"
[1] "Running MO1071079"
[1] "Running MO2021598"
[1] "Running MO3048124"
[1] "Running MO4031334"
[1] "Running MO5036198"
[1] "Running MO6048142"
[1] "Running MO6079508"
[1] "Running MO3031246"
[1] "Running MO3031381"
[1] "Running MO5033098"
[1] "Running MO6031215"
[1] "Running MO1041187"
[1] "Running MO2021537"
[1] "Running MO4079503"
[1] "Running MO5069088"
[1] "Running MO4020601"
[1] "Running MO4071647"
[1] "Running MO5036358"
[1] "Running MO5282809"
[1] "Running MO5301550"
[1] "Running MO6031488"
[1] "Running MO4036306"
[1] "Running MO4071423"
[1] "Running MO5030183"
[1] "Running MO6031642"
[1] "Running MO1070639"
[1] "Running MO2046330"
[1] "Running MO3048123"
[1] "Running MO4031534"
[1] "Running MO4069041"
[1] "Running MO5031473"
[1] "Running MO6031274"
[1] "Running MO6041646"
[1] "Trimmed data to 24238 blocks ... 2024-05-15 18:55:19"
[1] "Saving table of blocks ... 2024-05-15 18:55:19"
[1] "Saving spatial aggegated files ... 2024-05-15 18:55:38"
Deleting layer `MO' using driver `GPKG'
Writing layer `MO' to data source 
  `/work/GRDVULN/PWS/Workflow/11_Post_Process_Missing/Outputs/Systems.gpkg' using driver `GPKG'
Writing 216 features with 8 fields and geometry type Multi Polygon.
[1] "SCRIPT COMPLETE ... 2024-05-15 18:55:38"
