[1] "Loaded Data @ 2024-05-15 18:47:43"
[1] "3060 Blocks with probabilities > 0.45 ...2024-05-15 18:47:43"
[1] "83 Systems ...2024-05-15 18:48:03"
[1] "Running MS0070020"
[1] "Running MS0400009"
[1] "Running MS0780012"
[1] "Running 042800004"
[1] "Running MS0070011"
[1] "Running MS0070012"
[1] "Running MS0540025"
[1] "Running MS0620011"
[1] "Running MS0630037"
[1] "Running MS0070016"
[1] "Running MS0500001"
[1] "Running MS0040011"
[1] "Running MS0230015"
[1] "Running MS0240195"
[1] "Running MS0610041"
[1] "Running MS0640022"
[1] "Running MS0810028"
[1] "Running MS0490023"
[1] "Running MS0500004"
[1] "Running MS0530005"
[1] "Running MS0540029"
[1] "Running MS0810016"
[1] "Running MS0140013"
[1] "Running MS0140051"
[1] "Running MS0320010"
[1] "Running MS0390015"
[1] "Running MS0490019"
[1] "Running MS0820009"
[1] "Running MS0070017"
[1] "Running MS0100017"
[1] "Running MS0140052"
[1] "Running MS0220004"
[1] "Running MS0240251"
[1] "Running MS0410042"
[1] "Running MS0540021"
[1] "Running MS0690051"
[1] "Running MS0070024"
[1] "Running MS0100003"
[1] "Running MS0490022"
[1] "Running MS0600012"
[1] "Running MS0650006"
[1] "Running MS0810033"
[1] "Running MS0190010"
[1] "Running MS0260040"
[1] "Running MS0270024"
[1] "Running MS0370016"
[1] "Running MS0420040"
[1] "Running MS0560008"
[1] "Running MS0100010"
[1] "Running MS0170020"
[1] "Running MS0220064"
[1] "Running MS0360069"
[1] "Running MS0490004"
[1] "Running MS0040009"
[1] "Running MS0410044"
[1] "Running MS0650017"
[1] "Running MS0790033"
[1] "Running MS0800005"
[1] "Running MS0180021"
[1] "Running MS0670013"
[1] "Running MS0820029"
[1] "Running MS0040028"
[1] "Running MS0350024"
[1] "Running MS0490016"
[1] "Running MS0240027"
[1] "Running MS0240139"
[1] "Running MS0790035"
[1] "Running MS0260003"
[1] "Running MS0360068"
[1] "Running MS0490017"
[1] "Running MS0040027"
[1] "Running MS0270021"
[1] "Running MS0420020"
[1] "Running MS0260043"
[1] "Running MS0490018"
[1] "Running MS0790036"
[1] "Running MS0240254"
[1] "Running MS0250097"
[1] "Running MS0680034"
[1] "Running MS0810008"
[1] "Running MS0010007"
[1] "Running MS0680035"
[1] "Running MS0300064"
[1] "Trimmed data to 1274 blocks ... 2024-05-15 18:48:34"
[1] "Saving table of blocks ... 2024-05-15 18:48:34"
[1] "Saving spatial aggegated files ... 2024-05-15 18:48:42"
Deleting layer `MS' using driver `GPKG'
Writing layer `MS' to data source 
  `/work/GRDVULN/PWS/Workflow/11_Post_Process_Missing/Outputs/Systems.gpkg' using driver `GPKG'
Writing 83 features with 8 fields and geometry type Multi Polygon.
[1] "SCRIPT COMPLETE ... 2024-05-15 18:48:43"
