[1] "Loaded Data @ 2024-05-15 18:44:43"
[1] "4383 Blocks with probabilities > 0.45 ...2024-05-15 18:44:43"
[1] "191 Systems ...2024-05-15 18:45:31"
[1] "Running 083090045"
[1] "Running MT0004458"
[1] "Running MT0000134"
[1] "Running MT0000418"
[1] "Running MT0000621"
[1] "Running MT0001580"
[1] "Running MT0001738"
[1] "Running MT0001779"
[1] "Running MT0003597"
[1] "Running MT0003978"
[1] "Running MT0001646"
[1] "Running MT0001648"
[1] "Running MT0003152"
[1] "Running MT0003277"
[1] "Running MT0003755"
[1] "Running MT0004150"
[1] "Running MT0004768"
[1] "Running 083090030"
[1] "Running MT0000475"
[1] "Running MT0002514"
[1] "Running MT0003077"
[1] "Running MT0004058"
[1] "Running MT0004818"
[1] "Running MT0000432"
[1] "Running MT0001736"
[1] "Running MT0003262"
[1] "Running MT0004052"
[1] "Running MT0004588"
[1] "Running MT0000320"
[1] "Running MT0000431"
[1] "Running MT0001925"
[1] "Running MT0003219"
[1] "Running MT0003982"
[1] "Running MT0004450"
[1] "Running MT0004466"
[1] "Running MT0005002"
[1] "Running MT0000518"
[1] "Running MT0003968"
[1] "Running MT0004379"
[1] "Running MT0000028"
[1] "Running MT0002912"
[1] "Running MT0003215"
[1] "Running MT0004221"
[1] "Running MT0004261"
[1] "Running MT0004976"
[1] "Running MT0000392"
[1] "Running MT0000421"
[1] "Running MT0001777"
[1] "Running MT0003041"
[1] "Running MT0003141"
[1] "Running MT0003305"
[1] "Running MT0004283"
[1] "Running MT0004376"
[1] "Running MT0004470"
[1] "Running MT0004743"
[1] "Running MT0005118"
[1] "Running MT0000497"
[1] "Running MT0000554"
[1] "Running MT0000619"
[1] "Running MT0001776"
[1] "Running MT0004202"
[1] "Running MT0004367"
[1] "Running MT0004809"
[1] "Running MT0004916"
[1] "Running MT0004960"
[1] "Running MT0000400"
[1] "Running MT0001671"
[1] "Running MT0003393"
[1] "Running MT0003522"
[1] "Running MT0000073"
[1] "Running MT0000078"
[1] "Running MT0001557"
[1] "Running MT0001857"
[1] "Running MT0003670"
[1] "Running MT0003679"
[1] "Running MT0004198"
[1] "Running MT0004220"
[1] "Running MT0004277"
[1] "Running MT0004353"
[1] "Running MT0004545"
[1] "Running MT0004842"
[1] "Running MT0000046"
[1] "Running MT0000566"
[1] "Running MT0001923"
[1] "Running MT0002974"
[1] "Running MT0003808"
[1] "Running MT0000033"
[1] "Running MT0001647"
[1] "Running MT0002956"
[1] "Running MT0003881"
[1] "Running MT0004192"
[1] "Running MT0004497"
[1] "Running MT0004562"
[1] "Running MT0004635"
[1] "Running MT0004874"
[1] "Running MT0004891"
[1] "Running MT0000050"
[1] "Running MT0000085"
[1] "Running MT0000587"
[1] "Running MT0000627"
[1] "Running MT0001769"
[1] "Running MT0001774"
[1] "Running MT0001780"
[1] "Running MT0002652"
[1] "Running MT0003076"
[1] "Running MT0003104"
[1] "Running MT0003233"
[1] "Running MT0003304"
[1] "Running MT0003801"
[1] "Running MT0004408"
[1] "Running MT0004468"
[1] "Running MT0004662"
[1] "Running MT0004714"
[1] "Running MT0004833"
[1] "Running MT0005065"
[1] "Running MT0005075"
[1] "Running 083090008"
[1] "Running 083090312"
[1] "Running MT0002939"
[1] "Running MT0004392"
[1] "Running MT0004830"
[1] "Running MT0004854"
[1] "Running MT0004884"
[1] "Running MT0000027"
[1] "Running MT0004209"
[1] "Running MT0004628"
[1] "Running MT0004661"
[1] "Running MT0004754"
[1] "Running MT0004839"
[1] "Running MT0004965"
[1] "Running MT0000292"
[1] "Running MT0002540"
[1] "Running MT0002988"
[1] "Running MT0004397"
[1] "Running MT0004572"
[1] "Running MT0004705"
[1] "Running MT0004831"
[1] "Running MT0004834"
[1] "Running MT0004845"
[1] "Running MT0004939"
[1] "Running MT0005038"
[1] "Running MT0000618"
[1] "Running MT0001782"
[1] "Running MT0004059"
[1] "Running MT0004542"
[1] "Running MT0004832"
[1] "Running MT0005017"
[1] "Running MT0001891"
[1] "Running MT0003807"
[1] "Running MT0004598"
[1] "Running MT0004660"
[1] "Running MT0004940"
[1] "Running MT0000074"
[1] "Running MT0003551"
[1] "Running MT0003720"
[1] "Running MT0004645"
[1] "Running MT0001934"
[1] "Running MT0002895"
[1] "Running MT0004521"
[1] "Running MT0004626"
[1] "Running MT0004658"
[1] "Running MT0004770"
[1] "Running MT0000529"
[1] "Running MT0004536"
[1] "Running MT0004899"
[1] "Running MT0000098"
[1] "Running MT0000223"
[1] "Running MT0002516"
[1] "Running MT0002996"
[1] "Running MT0004262"
[1] "Running MT0004419"
[1] "Running MT0000087"
[1] "Running MT0000145"
[1] "Running MT0000369"
[1] "Running MT0000430"
[1] "Running MT0003909"
[1] "Running MT0004270"
[1] "Running MT0004929"
[1] "Running MT0005064"
[1] "Running MT0005077"
[1] "Running MT0000584"
[1] "Running MT0004147"
[1] "Running MT0004625"
[1] "Running MT0004631"
[1] "Running MT0005006"
[1] "Running MT0000245"
[1] "Running MT0002548"
[1] "Running MT0004368"
[1] "Running MT0004446"
[1] "Running MT0004933"
[1] "Running MT0004993"
[1] "Trimmed data to 755 blocks ... 2024-05-15 18:46:26"
[1] "Saving table of blocks ... 2024-05-15 18:46:26"
[1] "Saving spatial aggegated files ... 2024-05-15 18:46:36"
Deleting layer `MT' using driver `GPKG'
Writing layer `MT' to data source 
  `/work/GRDVULN/PWS/Workflow/11_Post_Process_Missing/Outputs/Systems.gpkg' using driver `GPKG'
Writing 191 features with 8 fields and geometry type Multi Polygon.
[1] "SCRIPT COMPLETE ... 2024-05-15 18:46:36"
