[1] "Loaded Data @ 2024-05-15 18:53:47"
[1] "3536 Blocks with probabilities > 0.45 ...2024-05-15 18:53:47"
[1] "298 Systems ...2024-05-15 18:54:09"
[1] "Running NC0118112"
[1] "Running NC0150168"
[1] "Running NC0118238"
[1] "Running NC0136214"
[1] "Running NC0150176"
[1] "Running NC0293112"
[1] "Running NC0351107"
[1] "Running NC0368118"
[1] "Running NC0446025"
[1] "Running NC0466109"
[1] "Running NC3041022"
[1] "Running NC5026027"
[1] "Running NC0118246"
[1] "Running NC0136122"
[1] "Running NC0175107"
[1] "Running NC0241117"
[1] "Running NC0464115"
[1] "Running NC3041011"
[1] "Running NC0113191"
[1] "Running NC0118140"
[1] "Running NC0118245"
[1] "Running NC0118288"
[1] "Running NC0136320"
[1] "Running NC0157135"
[1] "Running NC0188428"
[1] "Running NC0195111"
[1] "Running NC0299117"
[1] "Running NC0392395"
[1] "Running NC0416130"
[1] "Running NC0113141"
[1] "Running NC0113158"
[1] "Running NC0118179"
[1] "Running NC0118251"
[1] "Running NC0136114"
[1] "Running NC0136139"
[1] "Running NC0156129"
[1] "Running NC0156135"
[1] "Running NC0234183"
[1] "Running NC0293108"
[1] "Running NC0332122"
[1] "Running NC0446106"
[1] "Running NC1050037"
[1] "Running NC2084005"
[1] "Running NC3041015"
[1] "Running NC4392123"
[1] "Running NC4392233"
[1] "Running NC0118155"
[1] "Running NC0118173"
[1] "Running NC0118242"
[1] "Running NC0118248"
[1] "Running NC0118290"
[1] "Running NC0136219"
[1] "Running NC0136347"
[1] "Running NC0136389"
[1] "Running NC0149188"
[1] "Running NC0201120"
[1] "Running NC0293106"
[1] "Running NC4092133"
[1] "Running NC0106123"
[1] "Running NC0113142"
[1] "Running NC0118269"
[1] "Running NC0118283"
[1] "Running NC0136397"
[1] "Running NC0149193"
[1] "Running NC0150178"
[1] "Running NC0241125"
[1] "Running NC1050034"
[1] "Running NC4035019"
[1] "Running NC0113126"
[1] "Running NC0113148"
[1] "Running NC0118171"
[1] "Running NC0118279"
[1] "Running NC0136106"
[1] "Running NC0235129"
[1] "Running NC0291102"
[1] "Running NC0293105"
[1] "Running NC0368125"
[1] "Running NC0416140"
[1] "Running NC0464118"
[1] "Running NC4092127"
[1] "Running NC4092184"
[1] "Running NC4392120"
[1] "Running NC5078007"
[1] "Running NC0118139"
[1] "Running NC0118164"
[1] "Running NC0136151"
[1] "Running NC0157153"
[1] "Running NC0160200"
[1] "Running NC0180190"
[1] "Running NC0332132"
[1] "Running NC0392213"
[1] "Running NC0464317"
[1] "Running NC1045041"
[1] "Running NC1081024"
[1] "Running NC2084010"
[1] "Running NC4051001"
[1] "Running NC4091010"
[1] "Running NC4092042"
[1] "Running NC0112144"
[1] "Running NC0113220"
[1] "Running NC0118320"
[1] "Running NC0136293"
[1] "Running NC0150170"
[1] "Running NC0293110"
[1] "Running NC0299116"
[1] "Running NC0332135"
[1] "Running NC0392398"
[1] "Running NC4051010"
[1] "Running NC4392135"
[1] "Running NC4392215"
[1] "Running NC5082024"
[1] "Running NC0113183"
[1] "Running NC0118293"
[1] "Running NC0136148"
[1] "Running NC0136168"
[1] "Running NC0136353"
[1] "Running NC0145147"
[1] "Running NC0180223"
[1] "Running NC0286124"
[1] "Running NC0293107"
[1] "Running NC0351141"
[1] "Running NC0368116"
[1] "Running NC0368138"
[1] "Running NC0368148"
[1] "Running NC0392364"
[1] "Running NC0464128"
[1] "Running NC0464132"
[1] "Running NC3041021"
[1] "Running NC4092146"
[1] "Running NC4092168"
[1] "Running NC5043002"
[1] "Running NC7016045"
[1] "Running NC0118264"
[1] "Running NC0149152"
[1] "Running NC0149189"
[1] "Running NC0188131"
[1] "Running NC0392332"
[1] "Running NC1050069"
[1] "Running NC3001008"
[1] "Running NC3041113"
[1] "Running NC4092027"
[1] "Running NC4092134"
[1] "Running NC4092153"
[1] "Running NC0113159"
[1] "Running NC0118122"
[1] "Running NC0136385"
[1] "Running NC0201158"
[1] "Running NC0241208"
[1] "Running NC0368188"
[1] "Running NC1050045"
[1] "Running NC3029003"
[1] "Running NC3041085"
[1] "Running NC3041101"
[1] "Running NC4092080"
[1] "Running NC5078006"
[1] "Running NC0118294"
[1] "Running NC0181132"
[1] "Running NC0467103"
[1] "Running NC3041104"
[1] "Running NC4092166"
[1] "Running NC4092172"
[1] "Running NC0149138"
[1] "Running NC0286176"
[1] "Running NC0368108"
[1] "Running NC0392355"
[1] "Running NC0392383"
[1] "Running NC4092038"
[1] "Running NC4092145"
[1] "Running NC4092160"
[1] "Running NC4092162"
[1] "Running NC4092178"
[1] "Running NC5004002"
[1] "Running NC0136115"
[1] "Running NC0136146"
[1] "Running NC0241198"
[1] "Running NC0279151"
[1] "Running NC0293487"
[1] "Running NC0299111"
[1] "Running NC0326140"
[1] "Running NC0425127"
[1] "Running NC1045043"
[1] "Running NC2036014"
[1] "Running NC3001006"
[1] "Running NC3041103"
[1] "Running NC4035013"
[1] "Running NC4091008"
[1] "Running NC4092110"
[1] "Running NC5083003"
[1] "Running NC7016013"
[1] "Running NC0136199"
[1] "Running NC0241238"
[1] "Running NC0279108"
[1] "Running NC0392172"
[1] "Running NC0392218"
[1] "Running NC3041042"
[1] "Running NC4035018"
[1] "Running NC4092060"
[1] "Running NC4092174"
[1] "Running NC4392131"
[1] "Running NC4392155"
[1] "Running NC4392159"
[1] "Running NC0118289"
[1] "Running NC0136107"
[1] "Running NC0136154"
[1] "Running NC0157108"
[1] "Running NC0276112"
[1] "Running NC0276165"
[1] "Running NC0279153"
[1] "Running NC0326280"
[1] "Running NC0332130"
[1] "Running NC0363554"
[1] "Running NC0368152"
[1] "Running NC0392159"
[1] "Running NC0392280"
[1] "Running NC0392324"
[1] "Running NC0392325"
[1] "Running NC1012017"
[1] "Running NC1050089"
[1] "Running NC3041060"
[1] "Running NC4092171"
[1] "Running NC4392174"
[1] "Running NC5026018"
[1] "Running NC1088008"
[1] "Running NC3041045"
[1] "Running NC4051014"
[1] "Running NC4092179"
[1] "Running NC5026026"
[1] "Running NC5063023"
[1] "Running NC5083004"
[1] "Running NC0195110"
[1] "Running NC0201205"
[1] "Running NC0235108"
[1] "Running NC0351185"
[1] "Running NC0363151"
[1] "Running NC0368190"
[1] "Running NC0392237"
[1] "Running NC1056029"
[1] "Running NC3001010"
[1] "Running NC4092048"
[1] "Running NC4092097"
[1] "Running NC4092128"
[1] "Running NC4392187"
[1] "Running NC5082028"
[1] "Running NC0112148"
[1] "Running NC0145142"
[1] "Running NC0145157"
[1] "Running NC0241200"
[1] "Running NC0362106"
[1] "Running NC0363114"
[1] "Running NC0392117"
[1] "Running NC0392337"
[1] "Running NC0425141"
[1] "Running NC4066001"
[1] "Running NC4092066"
[1] "Running NC5082026"
[1] "Running NC0156127"
[1] "Running NC0362107"
[1] "Running NC0368119"
[1] "Running NC2090010"
[1] "Running NC4392148"
[1] "Running NC5082023"
[1] "Running NC0136262"
[1] "Running NC0150181"
[1] "Running NC0180199"
[1] "Running NC0276101"
[1] "Running NC0279174"
[1] "Running NC0363138"
[1] "Running NC0392352"
[1] "Running NC1057005"
[1] "Running NC4092055"
[1] "Running NC4092079"
[1] "Running NC5078001"
[1] "Running NC0136382"
[1] "Running NC0160211"
[1] "Running NC0180122"
[1] "Running NC0241201"
[1] "Running NC0286107"
[1] "Running NC0286148"
[1] "Running NC0326375"
[1] "Running NC0392366"
[1] "Running NC0392399"
[1] "Running NC4092088"
[1] "Running NC4092131"
[1] "Running NC4092201"
[1] "Running NC4392109"
[1] "Running NC0113168"
[1] "Running NC0118151"
[1] "Running NC0118304"
[1] "Running NC0156126"
[1] "Running NC0181134"
[1] "Running NC0392158"
[1] "Running NC4092144"
[1] "Running NC0118284"
[1] "Running NC0392150"
[1] "Running NC1011055"
[1] "Running NC1050040"
[1] "Running NC4051007"
[1] "Running NC4392111"
[1] "Trimmed data to 898 blocks ... 2024-05-15 18:54:38"
[1] "Saving table of blocks ... 2024-05-15 18:54:38"
[1] "Saving spatial aggegated files ... 2024-05-15 18:54:47"
Deleting layer `NC' using driver `GPKG'
Writing layer `NC' to data source 
  `/work/GRDVULN/PWS/Workflow/11_Post_Process_Missing/Outputs/Systems.gpkg' using driver `GPKG'
Writing 298 features with 8 fields and geometry type Multi Polygon.
[1] "SCRIPT COMPLETE ... 2024-05-15 18:54:47"
