[1] "Loaded Data @ 2024-05-15 18:42:13"
[1] "1910 Blocks with probabilities > 0.45 ...2024-05-15 18:42:13"
[1] "24 Systems ...2024-05-15 18:42:20"
[1] "Running ND2001061"
[1] "Running ND1801456"
[1] "Running ND2701701"
[1] "Running ND4001153"
[1] "Running ND0801502"
[1] "Running ND3001431"
[1] "Running ND5101130"
[1] "Running ND2701003"
[1] "Running ND2701477"
[1] "Running ND2801487"
[1] "Running ND2801696"
[1] "Running ND3001490"
[1] "Running ND3501476"
[1] "Running 083890017"
[1] "Running ND0901410"
[1] "Running ND2301467"
[1] "Running ND3701801"
[1] "Running ND5101687"
[1] "Running ND5301766"
[1] "Running 084690463"
[1] "Running ND1601470"
[1] "Running ND0800096"
[1] "Running ND3001488"
[1] "Running ND0800083"
[1] "Trimmed data to 690 blocks ... 2024-05-15 18:42:29"
[1] "Saving table of blocks ... 2024-05-15 18:42:29"
[1] "Saving spatial aggegated files ... 2024-05-15 18:42:31"
Deleting layer `ND' using driver `GPKG'
Writing layer `ND' to data source 
  `/work/GRDVULN/PWS/Workflow/11_Post_Process_Missing/Outputs/Systems.gpkg' using driver `GPKG'
Writing 24 features with 8 fields and geometry type Multi Polygon.
[1] "SCRIPT COMPLETE ... 2024-05-15 18:42:31"
