[1] "Loaded Data @ 2024-05-15 18:43:58"
[1] "1534 Blocks with probabilities > 0.45 ...2024-05-15 18:43:58"
[1] "44 Systems ...2024-05-15 18:44:03"
[1] "Running NE3110924"
[1] "Running NE3104502"
[1] "Running NE3112701"
[1] "Running NE3115711"
[1] "Running NE3101904"
[1] "Running NE3102309"
[1] "Running NE3120348"
[1] "Running NE3104508"
[1] "Running NE3120036"
[1] "Running NE3120824"
[1] "Running NE3121196"
[1] "Running NE3101905"
[1] "Running NE3105317"
[1] "Running NE3120306"
[1] "Running NE3120998"
[1] "Running NE3121406"
[1] "Running NE3120158"
[1] "Running NE3107312"
[1] "Running NE3121204"
[1] "Running NE3107301"
[1] "Running NE3120574"
[1] "Running NE3121382"
[1] "Running NE3107311"
[1] "Running NE3120046"
[1] "Running NE3120068"
[1] "Running NE3115909"
[1] "Running NE3117903"
[1] "Running NE3121227"
[1] "Running NE3110903"
[1] "Running NE3121429"
[1] "Running 070000025"
[1] "Running NE3111907"
[1] "Running NE3120977"
[1] "Running NE3118709"
[1] "Running NE3121519"
[1] "Running NE3104712"
[1] "Running NE3120712"
[1] "Running NE3121427"
[1] "Running NE3130005"
[1] "Running NE3104308"
[1] "Running NE3121171"
[1] "Running NE3105309"
[1] "Running NE3121434"
[1] "Running NE3121478"
[1] "Trimmed data to 314 blocks ... 2024-05-15 18:44:11"
[1] "Saving table of blocks ... 2024-05-15 18:44:11"
[1] "Saving spatial aggegated files ... 2024-05-15 18:44:13"
Deleting layer `NE' using driver `GPKG'
Writing layer `NE' to data source 
  `/work/GRDVULN/PWS/Workflow/11_Post_Process_Missing/Outputs/Systems.gpkg' using driver `GPKG'
Writing 44 features with 8 fields and geometry type Multi Polygon.
[1] "SCRIPT COMPLETE ... 2024-05-15 18:44:14"
