[1] "Loaded Data @ 2024-05-15 18:45:07"
[1] "608 Blocks with probabilities > 0.45 ...2024-05-15 18:45:07"
[1] "16 Systems ...2024-05-15 18:45:13"
[1] "Running NN3500280"
[1] "Running NN3500267"
[1] "Running NN3500264"
[1] "Running NM3524832"
[1] "Running NM3556212"
[1] "Running NN3503057"
[1] "Running NN3532003"
[1] "Running NN0403055"
[1] "Running NN3500266"
[1] "Running NM3550504"
[1] "Running NN3534012"
[1] "Running 063507009"
[1] "Running NM3510026"
[1] "Running NM3529107"
[1] "Running NN0436018"
[1] "Running NN0403015"
[1] "Trimmed data to 220 blocks ... 2024-05-15 18:45:19"
[1] "Saving table of blocks ... 2024-05-15 18:45:19"
[1] "Saving spatial aggegated files ... 2024-05-15 18:45:21"
Deleting layer `NM' using driver `GPKG'
Writing layer `NM' to data source 
  `/work/GRDVULN/PWS/Workflow/11_Post_Process_Missing/Outputs/Systems.gpkg' using driver `GPKG'
Writing 16 features with 8 fields and geometry type Multi Polygon.
[1] "SCRIPT COMPLETE ... 2024-05-15 18:45:21"
