[1] "Loaded Data @ 2024-05-15 18:45:19"
[1] "680 Blocks with probabilities > 0.45 ...2024-05-15 18:45:19"
[1] "36 Systems ...2024-05-15 18:45:31"
[1] "Running NV0002558"
[1] "Running 093200172"
[1] "Running 093200364"
[1] "Running NV0003016"
[1] "Running NV0000068"
[1] "Running NV0002573"
[1] "Running NV0004017"
[1] "Running NV0005057"
[1] "Running NV0000200"
[1] "Running NV0002538"
[1] "Running NV0003081"
[1] "Running NV0000280"
[1] "Running 093200166"
[1] "Running NV0000931"
[1] "Running NV0001015"
[1] "Running NV0000055"
[1] "Running NV0000805"
[1] "Running NV0001093"
[1] "Running NV0002174"
[1] "Running NV0000037"
[1] "Running NV0000699"
[1] "Running 093200173"
[1] "Running NV0000028"
[1] "Running NV0000370"
[1] "Running NV0000701"
[1] "Running NV0000817"
[1] "Running NV0000106"
[1] "Running NV0000145"
[1] "Running NV0000191"
[1] "Running NV0000281"
[1] "Running NV0000314"
[1] "Running NV0000140"
[1] "Running NV0000124"
[1] "Running NV0001116"
[1] "Running NV0004060"
[1] "Running NV0000129"
[1] "Trimmed data to 206 blocks ... 2024-05-15 18:45:44"
[1] "Saving table of blocks ... 2024-05-15 18:45:44"
[1] "Saving spatial aggegated files ... 2024-05-15 18:45:49"
Deleting layer `NV' using driver `GPKG'
Writing layer `NV' to data source 
  `/work/GRDVULN/PWS/Workflow/11_Post_Process_Missing/Outputs/Systems.gpkg' using driver `GPKG'
Writing 36 features with 8 fields and geometry type Multi Polygon.
[1] "SCRIPT COMPLETE ... 2024-05-15 18:45:49"
