[1] "Loaded Data @ 2024-05-15 18:54:10"
[1] "1857 Blocks with probabilities > 0.45 ...2024-05-15 18:54:10"
[1] "185 Systems ...2024-05-15 18:54:22"
[1] "Running NY1010862"
[1] "Running NY5710494"
[1] "Running NY0622360"
[1] "Running NY3503577"
[1] "Running NY3501327"
[1] "Running NY2108817"
[1] "Running NY5501369"
[1] "Running NY1400516"
[1] "Running NY1930097"
[1] "Running NY4100046"
[1] "Running NY4303660"
[1] "Running NY0800628"
[1] "Running NY3201447"
[1] "Running NY3503598"
[1] "Running NY4930010"
[1] "Running NY5630055"
[1] "Running NY0800699"
[1] "Running NY0430098"
[1] "Running NY5220222"
[1] "Running NY1303212"
[1] "Running NY1410671"
[1] "Running NY1521744"
[1] "Running NY3905688"
[1] "Running NY5922912"
[1] "Running NY0600901"
[1] "Running NY0930006"
[1] "Running NY1006332"
[1] "Running NY1701512"
[1] "Running NY2221870"
[1] "Running NY3905699"
[1] "Running NY3905872"
[1] "Running NY1006326"
[1] "Running NY1400397"
[1] "Running NY1921639"
[1] "Running NY3300992"
[1] "Running NY3905703"
[1] "Running NY4121420"
[1] "Running NY4410166"
[1] "Running NY4930009"
[1] "Running NY5501273"
[1] "Running NY5903156"
[1] "Running NY6130011"
[1] "Running NY3401180"
[1] "Running NY3411680"
[1] "Running NY3905710"
[1] "Running NY3909761"
[1] "Running NY4313899"
[1] "Running NY5530331"
[1] "Running NY5701552"
[1] "Running NY0412218"
[1] "Running NY0430023"
[1] "Running NY2530023"
[1] "Running NY3630044"
[1] "Running NY3700906"
[1] "Running NY3903653"
[1] "Running NY3930002"
[1] "Running NY4911003"
[1] "Running NY5522738"
[1] "Running NY5530045"
[1] "Running NY1021889"
[1] "Running NY1310806"
[1] "Running NY3730129"
[1] "Running NY3922190"
[1] "Running NY6000611"
[1] "Running NY0422797"
[1] "Running NY0600394"
[1] "Running NY0816134"
[1] "Running NY1321117"
[1] "Running NY1330729"
[1] "Running NY2219363"
[1] "Running NY3830079"
[1] "Running NY3910483"
[1] "Running NY3930047"
[1] "Running NY4117236"
[1] "Running NY4330041"
[1] "Running NY5330144"
[1] "Running NY5521830"
[1] "Running NY5910496"
[1] "Running NY0430040"
[1] "Running NY0530042"
[1] "Running NY0900230"
[1] "Running NY0930204"
[1] "Running NY3417176"
[1] "Running NY3517037"
[1] "Running NY3630094"
[1] "Running NY3920091"
[1] "Running NY4110695"
[1] "Running NY0430052"
[1] "Running NY3210747"
[1] "Running NY3233173"
[1] "Running NY3400719"
[1] "Running NY3518029"
[1] "Running NY3920093"
[1] "Running NY3920317"
[1] "Running NY4501789"
[1] "Running NY5030106"
[1] "Running NY5030109"
[1] "Running NY5830007"
[1] "Running NY0123019"
[1] "Running NY0320784"
[1] "Running NY1006322"
[1] "Running NY1330060"
[1] "Running NY1450021"
[1] "Running NY2501014"
[1] "Running NY3921718"
[1] "Running NY3921721"
[1] "Running NY5405797"
[1] "Running NY5503408"
[1] "Running NY5903470"
[1] "Running NY0430044"
[1] "Running NY1330699"
[1] "Running NY2525000"
[1] "Running NY3290077"
[1] "Running NY3503040"
[1] "Running NY3512133"
[1] "Running NY3916014"
[1] "Running NY5501363"
[1] "Running NY5906656"
[1] "Running NY1030269"
[1] "Running NY1518736"
[1] "Running NY3530191"
[1] "Running NY3612220"
[1] "Running NY3700940"
[1] "Running NY3920886"
[1] "Running NY5210743"
[1] "Running NY5910508"
[1] "Running NY1030308"
[1] "Running NY3510136"
[1] "Running NY3530190"
[1] "Running NY3902997"
[1] "Running NY3905684"
[1] "Running NY5030112"
[1] "Running NY5530307"
[1] "Running NY5930011"
[1] "Running NY1302810"
[1] "Running NY1312479"
[1] "Running NY2202257"
[1] "Running NY2235000"
[1] "Running NY3430050"
[1] "Running NY3510479"
[1] "Running NY3930031"
[1] "Running NY4910643"
[1] "Running NY5505567"
[1] "Running NY5530280"
[1] "Running NY0430089"
[1] "Running NY0600369"
[1] "Running NY0916542"
[1] "Running NY1006325"
[1] "Running NY1010858"
[1] "Running NY1901970"
[1] "Running NY4121288"
[1] "Running NY5503148"
[1] "Running NY5903436"
[1] "Running NY0310323"
[1] "Running NY0430096"
[1] "Running NY1330557"
[1] "Running NY3522546"
[1] "Running NY3921009"
[1] "Running NY4110697"
[1] "Running NY4330011"
[1] "Running NY4717153"
[1] "Running NY5315611"
[1] "Running NY6030009"
[1] "Running NY0121203"
[1] "Running NY0600395"
[1] "Running NY1330164"
[1] "Running NY1330674"
[1] "Running NY2801592"
[1] "Running NY3100565"
[1] "Running NY3503889"
[1] "Running NY3903709"
[1] "Running NY5111894"
[1] "Running NY5917105"
[1] "Running NY1713869"
[1] "Running NY3630405"
[1] "Running NY3700920"
[1] "Running NY4925000"
[1] "Running NY1505390"
[1] "Running NY3503638"
[1] "Running NY3517484"
[1] "Running NY3530149"
[1] "Running NY3830015"
[1] "Running NY5020177"
[1] "Running NY5630045"
[1] "Running NY6130010"
[1] "Trimmed data to 490 blocks ... 2024-05-15 18:54:37"
[1] "Saving table of blocks ... 2024-05-15 18:54:37"
[1] "Saving spatial aggegated files ... 2024-05-15 18:54:42"
Deleting layer `NY' using driver `GPKG'
Writing layer `NY' to data source 
  `/work/GRDVULN/PWS/Workflow/11_Post_Process_Missing/Outputs/Systems.gpkg' using driver `GPKG'
Writing 185 features with 8 fields and geometry type Multi Polygon.
[1] "SCRIPT COMPLETE ... 2024-05-15 18:54:43"
