[1] "Loaded Data @ 2024-05-15 18:57:01"
[1] "2133 Blocks with probabilities > 0.45 ...2024-05-15 18:57:02"
[1] "94 Systems ...2024-05-15 18:57:10"
[1] "Running OH0701703"
[1] "Running OH8701112"
[1] "Running OH7501312"
[1] "Running OH1600811"
[1] "Running OH2903912"
[1] "Running OH3102303"
[1] "Running OH5300012"
[1] "Running OH4001803"
[1] "Running OH6401503"
[1] "Running OH2200203"
[1] "Running OH7801012"
[1] "Running OH8503812"
[1] "Running OH2501003"
[1] "Running OH2900803"
[1] "Running OH7003212"
[1] "Running OH7676612"
[1] "Running OH1600412"
[1] "Running OH4737516"
[1] "Running OH5202312"
[1] "Running OH5703715"
[1] "Running OH7002312"
[1] "Running OH7004112"
[1] "Running OH7900303"
[1] "Running OH8601912"
[1] "Running OH1330912"
[1] "Running OH4500712"
[1] "Running OH7602512"
[1] "Running OH1100312"
[1] "Running OH2570717"
[1] "Running OH2800012"
[1] "Running OH2803312"
[1] "Running OH3100012"
[1] "Running OH6401903"
[1] "Running OH7006012"
[1] "Running OH2300712"
[1] "Running OH4900012"
[1] "Running OH6500712"
[1] "Running OH7004912"
[1] "Running OH7501112"
[1] "Running OH7603312"
[1] "Running OH7605012"
[1] "Running OH7674412"
[1] "Running OH8504212"
[1] "Running OH7603412"
[1] "Running OH7608012"
[1] "Running OH8301803"
[1] "Running OH3539212"
[1] "Running OH6045817"
[1] "Running OH7003612"
[1] "Running OH1800812"
[1] "Running OH2905003"
[1] "Running OH4101203"
[1] "Running OH7003312"
[1] "Running OH7033512"
[1] "Running OH1101312"
[1] "Running OH2554603"
[1] "Running OH3400712"
[1] "Running OH3539214"
[1] "Running OH8702712"
[1] "Running OH3500912"
[1] "Running OH3900112"
[1] "Running OH4302212"
[1] "Running OH6705512"
[1] "Running OH6800212"
[1] "Running OH7602212"
[1] "Running OH8561412"
[1] "Running OH2400912"
[1] "Running OH2904203"
[1] "Running OH8301012"
[1] "Running OH2346603"
[1] "Running OH7606922"
[1] "Running OH7806403"
[1] "Running OH2504303"
[1] "Running OH3200812"
[1] "Running OH7704812"
[1] "Running OH7707212"
[1] "Running OH7902103"
[1] "Running OH2566512"
[1] "Running OH2570736"
[1] "Running OH5502303"
[1] "Running OH5801203"
[1] "Running OH6503312"
[1] "Running OH6700003"
[1] "Running OH7302203"
[1] "Running OH7706612"
[1] "Running OH0301512"
[1] "Running OH8500712"
[1] "Running OH8601112"
[1] "Running OH4201712"
[1] "Running OH4900512"
[1] "Running OH5750618"
[1] "Running OH7602112"
[1] "Running OH7006612"
[1] "Running OH7302503"
[1] "Trimmed data to 786 blocks ... 2024-05-15 18:57:23"
[1] "Saving table of blocks ... 2024-05-15 18:57:23"
[1] "Saving spatial aggegated files ... 2024-05-15 18:57:27"
Deleting layer `OH' using driver `GPKG'
Writing layer `OH' to data source 
  `/work/GRDVULN/PWS/Workflow/11_Post_Process_Missing/Outputs/Systems.gpkg' using driver `GPKG'
Writing 94 features with 8 fields and geometry type Multi Polygon.
[1] "SCRIPT COMPLETE ... 2024-05-15 18:57:28"
