[1] "Loaded Data @ 2024-05-15 18:50:21"
[1] "7973 Blocks with probabilities > 0.45 ...2024-05-15 18:50:21"
[1] "131 Systems ...2024-05-15 18:50:43"
[1] "Running OK2001702"
[1] "Running OK3005913"
[1] "Running OK3006410"
[1] "Running OK2000505"
[1] "Running OK2000908"
[1] "Running OK2002902"
[1] "Running OK2005910"
[1] "Running OK3006218"
[1] "Running OK5002135"
[1] "Running OK2002318"
[1] "Running OK2004617"
[1] "Running OK3002503"
[1] "Running OK3005902"
[1] "Running OK4005580"
[1] "Running OK2001807"
[1] "Running OK2004919"
[1] "Running OK2006367"
[1] "Running OK3000303"
[1] "Running OK3003603"
[1] "Running OK3005608"
[1] "Running OK3007409"
[1] "Running OK5005543"
[1] "Running OK2003301"
[1] "Running OK2007706"
[1] "Running OK3003904"
[1] "Running OK3004107"
[1] "Running OK3005134"
[1] "Running OK2001189"
[1] "Running OK2005513"
[1] "Running OK2006304"
[1] "Running OK2006759"
[1] "Running OK3005717"
[1] "Running OK3005736"
[1] "Running OK1021221"
[1] "Running OK2002806"
[1] "Running OK2003722"
[1] "Running OK2004205"
[1] "Running OK3001504"
[1] "Running OK3001687"
[1] "Running OK3002707"
[1] "Running OK4005573"
[1] "Running OK5005519"
[1] "Running OK2004538"
[1] "Running OK3005303"
[1] "Running OK3006820"
[1] "Running 061000101"
[1] "Running 064026001"
[1] "Running OK2002803"
[1] "Running OK2003001"
[1] "Running OK2005207"
[1] "Running OK2005508"
[1] "Running OK2005542"
[1] "Running OK3001119"
[1] "Running OK3001125"
[1] "Running OK3002142"
[1] "Running OK3002418"
[1] "Running OK3002515"
[1] "Running OK3004003"
[1] "Running OK3005603"
[1] "Running OK3006107"
[1] "Running OK1021733"
[1] "Running OK2005521"
[1] "Running OK3007415"
[1] "Running OK4004216"
[1] "Running OK1021756"
[1] "Running OK3005721"
[1] "Running OK5005518"
[1] "Running OK5005547"
[1] "Running OK5005553"
[1] "Running OK1021650"
[1] "Running OK2006756"
[1] "Running OK3002706"
[1] "Running OK1010816"
[1] "Running OK2000533"
[1] "Running OK2001431"
[1] "Running OK2005522"
[1] "Running OK2005530"
[1] "Running OK2005860"
[1] "Running OK3003202"
[1] "Running OK3004011"
[1] "Running OK3004102"
[1] "Running OK3005302"
[1] "Running OK3006648"
[1] "Running OK3006804"
[1] "Running OK4001470"
[1] "Running OK4002654"
[1] "Running OK2005883"
[1] "Running OK2007062"
[1] "Running OK3002135"
[1] "Running OK3006702"
[1] "Running OK3007603"
[1] "Running OK3004627"
[1] "Running OK3006314"
[1] "Running OK4001499"
[1] "Running OK2002023"
[1] "Running OK3002402"
[1] "Running OK3006105"
[1] "Running OK2005539"
[1] "Running OK3003404"
[1] "Running OK3005201"
[1] "Running OK3006701"
[1] "Running OK2001483"
[1] "Running OK2006311"
[1] "Running OK3003602"
[1] "Running OK4002663"
[1] "Running OK3003604"
[1] "Running OK2000145"
[1] "Running OK2001432"
[1] "Running OK3001806"
[1] "Running OK3002801"
[1] "Running OK3005104"
[1] "Running OK3000901"
[1] "Running OK3001601"
[1] "Running OK3003310"
[1] "Running OK3004046"
[1] "Running OK3005748"
[1] "Running OK1010408"
[1] "Running OK2001408"
[1] "Running OK3001801"
[1] "Running OK1021410"
[1] "Running OK3001414"
[1] "Running OK3006304"
[1] "Running OK3006603"
[1] "Running OK3004610"
[1] "Running OK8005550"
[1] "Running OK3001669"
[1] "Running OK3006605"
[1] "Running OK2001475"
[1] "Running OK3005701"
[1] "Running OK3006139"
[1] "Running OK3007406"
[1] "Trimmed data to 2223 blocks ... 2024-05-15 18:51:14"
[1] "Saving table of blocks ... 2024-05-15 18:51:14"
[1] "Saving spatial aggegated files ... 2024-05-15 18:51:21"
Deleting layer `OK' using driver `GPKG'
Writing layer `OK' to data source 
  `/work/GRDVULN/PWS/Workflow/11_Post_Process_Missing/Outputs/Systems.gpkg' using driver `GPKG'
Writing 131 features with 8 fields and geometry type Multi Polygon.
[1] "SCRIPT COMPLETE ... 2024-05-15 18:51:21"
