[1] "Loaded Data @ 2024-05-15 18:50:00"
[1] "3061 Blocks with probabilities > 0.45 ...2024-05-15 18:50:00"
[1] "186 Systems ...2024-05-15 18:50:27"
[1] "Running OR4100768"
[1] "Running OR4100898"
[1] "Running OR4101149"
[1] "Running OR4105581"
[1] "Running OR4105737"
[1] "Running OR4100562"
[1] "Running OR4100835"
[1] "Running 104101101"
[1] "Running OR4100616"
[1] "Running OR4101200"
[1] "Running OR4101403"
[1] "Running OR4101507"
[1] "Running OR4194489"
[1] "Running OR4100113"
[1] "Running OR4100482"
[1] "Running OR4101002"
[1] "Running OR4101105"
[1] "Running OR4101122"
[1] "Running OR4101386"
[1] "Running OR4101424"
[1] "Running OR4105200"
[1] "Running OR4100020"
[1] "Running OR4101345"
[1] "Running OR4105069"
[1] "Running OR4105946"
[1] "Running OR4193461"
[1] "Running OR4100214"
[1] "Running OR4100341"
[1] "Running OR4105860"
[1] "Running OR4106110"
[1] "Running OR4195168"
[1] "Running OR4100037"
[1] "Running OR4100937"
[1] "Running OR4101159"
[1] "Running OR4101209"
[1] "Running OR4101251"
[1] "Running OR4101368"
[1] "Running OR4105730"
[1] "Running OR4194398"
[1] "Running OR4195063"
[1] "Running OR4100282"
[1] "Running OR4100942"
[1] "Running OR4100962"
[1] "Running OR4101007"
[1] "Running OR4106118"
[1] "Running OR4101353"
[1] "Running OR4101419"
[1] "Running OR4101498"
[1] "Running OR4105086"
[1] "Running OR4105258"
[1] "Running OR4100895"
[1] "Running OR4101203"
[1] "Running OR4101426"
[1] "Running OR4101527"
[1] "Running OR4105239"
[1] "Running OR4105364"
[1] "Running OR4105398"
[1] "Running OR4105782"
[1] "Running OR4105854"
[1] "Running OR4105998"
[1] "Running OR4100018"
[1] "Running OR4100140"
[1] "Running OR4100304"
[1] "Running OR4100462"
[1] "Running OR4101495"
[1] "Running OR4101503"
[1] "Running OR4101508"
[1] "Running OR4192063"
[1] "Running OR4100052"
[1] "Running OR4100221"
[1] "Running OR4100569"
[1] "Running OR4100575"
[1] "Running OR4100705"
[1] "Running OR4101046"
[1] "Running OR4101305"
[1] "Running OR4106054"
[1] "Running OR4190269"
[1] "Running OR4100459"
[1] "Running OR4100567"
[1] "Running OR4100588"
[1] "Running OR4100722"
[1] "Running OR4101013"
[1] "Running OR4101324"
[1] "Running OR4101373"
[1] "Running OR4101500"
[1] "Running OR4105567"
[1] "Running OR4105949"
[1] "Running OR4100025"
[1] "Running OR4100117"
[1] "Running OR4100139"
[1] "Running OR4101131"
[1] "Running OR4101555"
[1] "Running OR4101560"
[1] "Running OR4106154"
[1] "Running OR4191544"
[1] "Running OR4193784"
[1] "Running OR4194548"
[1] "Running OR4100054"
[1] "Running OR4100158"
[1] "Running OR4100419"
[1] "Running OR4100422"
[1] "Running OR4100514"
[1] "Running OR4101448"
[1] "Running OR4106024"
[1] "Running 104101102"
[1] "Running OR4100060"
[1] "Running OR4100159"
[1] "Running OR4100561"
[1] "Running OR4100888"
[1] "Running OR4100919"
[1] "Running OR4100998"
[1] "Running OR4101035"
[1] "Running OR4101256"
[1] "Running OR4101519"
[1] "Running OR4191541"
[1] "Running OR4100733"
[1] "Running OR4100787"
[1] "Running OR4100812"
[1] "Running OR4100863"
[1] "Running OR4101031"
[1] "Running OR4101129"
[1] "Running OR4105410"
[1] "Running OR4191540"
[1] "Running OR4100997"
[1] "Running OR4101109"
[1] "Running OR4101221"
[1] "Running OR4101223"
[1] "Running OR4101267"
[1] "Running OR4101329"
[1] "Running OR4101381"
[1] "Running OR4101464"
[1] "Running OR4190170"
[1] "Running OR4194761"
[1] "Running OR4100786"
[1] "Running OR4100983"
[1] "Running OR4101163"
[1] "Running OR4101501"
[1] "Running OR4105940"
[1] "Running OR4106274"
[1] "Running OR4100161"
[1] "Running OR4100358"
[1] "Running OR4100730"
[1] "Running OR4100977"
[1] "Running OR4101264"
[1] "Running OR4101350"
[1] "Running OR4101402"
[1] "Running OR4101510"
[1] "Running OR4105117"
[1] "Running OR4105553"
[1] "Running OR4100881"
[1] "Running OR4101262"
[1] "Running OR4101382"
[1] "Running OR4105317"
[1] "Running OR4194601"
[1] "Running OR4100360"
[1] "Running OR4101173"
[1] "Running OR4101366"
[1] "Running OR4101537"
[1] "Running OR4106203"
[1] "Running OR4191531"
[1] "Running OR4100014"
[1] "Running OR4100423"
[1] "Running OR4101434"
[1] "Running OR4101502"
[1] "Running OR4101539"
[1] "Running OR4105159"
[1] "Running OR4105917"
[1] "Running OR4106041"
[1] "Running OR4191919"
[1] "Running OR4100143"
[1] "Running OR4101276"
[1] "Running OR4101371"
[1] "Running OR4101523"
[1] "Running OR4106138"
[1] "Running OR4106155"
[1] "Running OR4100138"
[1] "Running OR4101230"
[1] "Running OR4101289"
[1] "Running OR4101397"
[1] "Running OR4100059"
[1] "Running OR4100653"
[1] "Running OR4101153"
[1] "Running OR4101330"
[1] "Running OR4101524"
[1] "Running OR4101538"
[1] "Running OR4105392"
[1] "Trimmed data to 755 blocks ... 2024-05-15 18:50:57"
[1] "Saving table of blocks ... 2024-05-15 18:50:57"
[1] "Saving spatial aggegated files ... 2024-05-15 18:51:06"
Deleting layer `OR' using driver `GPKG'
Writing layer `OR' to data source 
  `/work/GRDVULN/PWS/Workflow/11_Post_Process_Missing/Outputs/Systems.gpkg' using driver `GPKG'
Writing 186 features with 8 fields and geometry type Multi Polygon.
[1] "SCRIPT COMPLETE ... 2024-05-15 18:51:06"
