[1] "Loaded Data @ 2024-05-15 18:56:48"
[1] "363 Blocks with probabilities > 0.45 ...2024-05-15 18:56:48"
[1] "21 Systems ...2024-05-15 18:56:50"
[1] "Running PA4110065"
[1] "Running PA2450140"
[1] "Running PA6420032"
[1] "Running PA3060087"
[1] "Running PA6430074"
[1] "Running PA7360131"
[1] "Running PA6330020"
[1] "Running PA1090017"
[1] "Running PA2520209"
[1] "Running PA6200079"
[1] "Running PA5630078"
[1] "Running PA3540075"
[1] "Running PA5630079"
[1] "Running PA4290830"
[1] "Running PA3391038"
[1] "Running PA2520091"
[1] "Running PA4560018"
[1] "Running PA5100142"
[1] "Running PA1460100"
[1] "Running PA5630077"
[1] "Running PA7280044"
[1] "Trimmed data to 116 blocks ... 2024-05-15 18:56:53"
[1] "Saving table of blocks ... 2024-05-15 18:56:53"
[1] "Saving spatial aggegated files ... 2024-05-15 18:56:55"
Deleting layer `PA' using driver `GPKG'
Writing layer `PA' to data source 
  `/work/GRDVULN/PWS/Workflow/11_Post_Process_Missing/Outputs/Systems.gpkg' using driver `GPKG'
Writing 21 features with 8 fields and geometry type Multi Polygon.
[1] "SCRIPT COMPLETE ... 2024-05-15 18:56:56"
