[1] "Loaded Data @ 2024-05-15 18:55:08"
[1] "1273 Blocks with probabilities > 0.45 ...2024-05-15 18:55:08"
[1] "64 Systems ...2024-05-15 18:55:18"
[1] "Running SC0850014"
[1] "Running SC1120004"
[1] "Running SC3250105"
[1] "Running SC1050011"
[1] "Running SC3210011"
[1] "Running SC3750006"
[1] "Running SC4650061"
[1] "Running SC4660087"
[1] "Running SC2450001"
[1] "Running SC3250024"
[1] "Running SC3950007"
[1] "Running SC0750043"
[1] "Running SC1550002"
[1] "Running SC4650047"
[1] "Running SC4660088"
[1] "Running SC3250102"
[1] "Running SC3750002"
[1] "Running SC4320005"
[1] "Running SC3750007"
[1] "Running SC3750012"
[1] "Running SC3750026"
[1] "Running SC0150013"
[1] "Running SC2350010"
[1] "Running SC3970303"
[1] "Running SC4650056"
[1] "Running SC4650062"
[1] "Running SC3250014"
[1] "Running SC4650042"
[1] "Running SC4660045"
[1] "Running SC4660100"
[1] "Running SC0860037"
[1] "Running SC2450057"
[1] "Running SC3950009"
[1] "Running SC4050031"
[1] "Running SC4650059"
[1] "Running SC0450032"
[1] "Running SC0820004"
[1] "Running SC0870305"
[1] "Running SC3250104"
[1] "Running SC4350008"
[1] "Running SC4660103"
[1] "Running SC1570924"
[1] "Running SC4660093"
[1] "Running SC0860058"
[1] "Running SC1070963"
[1] "Running SC2460001"
[1] "Running SC3250073"
[1] "Running SC4660112"
[1] "Running SC3260182"
[1] "Running SC3250076"
[1] "Running SC3670108"
[1] "Running SC3750025"
[1] "Running SC3770002"
[1] "Running SC4660101"
[1] "Running SC3250030"
[1] "Running SC4050004"
[1] "Running SC1850014"
[1] "Running SC3260012"
[1] "Running SC0450058"
[1] "Running SC3970301"
[1] "Running SC0450006"
[1] "Running SC0450014"
[1] "Running SC0450072"
[1] "Running SC4650046"
[1] "Trimmed data to 354 blocks ... 2024-05-15 18:55:33"
[1] "Saving table of blocks ... 2024-05-15 18:55:33"
[1] "Saving spatial aggegated files ... 2024-05-15 18:55:37"
Deleting layer `SC' using driver `GPKG'
Writing layer `SC' to data source 
  `/work/GRDVULN/PWS/Workflow/11_Post_Process_Missing/Outputs/Systems.gpkg' using driver `GPKG'
Writing 64 features with 8 fields and geometry type Multi Polygon.
[1] "SCRIPT COMPLETE ... 2024-05-15 18:55:38"
