[1] "Loaded Data @ 2024-05-15 18:49:07"
[1] "13035 Blocks with probabilities > 0.45 ...2024-05-15 18:49:07"
[1] "97 Systems ...2024-05-15 18:49:53"
[1] "Running SD4600429"
[1] "Running SD4600432"
[1] "Running SD4600223"
[1] "Running SD4600866"
[1] "Running SD4600878"
[1] "Running SD4602240"
[1] "Running SD4602352"
[1] "Running SD4600870"
[1] "Running SD4600881"
[1] "Running SD4600864"
[1] "Running SD4600621"
[1] "Running SD4600865"
[1] "Running SD4601090"
[1] "Running SD4602156"
[1] "Running SD4602223"
[1] "Running 084690534"
[1] "Running SD4600112"
[1] "Running SD4602086"
[1] "Running SD4602108"
[1] "Running SD4602263"
[1] "Running SD4602277"
[1] "Running SD4602310"
[1] "Running SD4600014"
[1] "Running SD4602143"
[1] "Running SD4602144"
[1] "Running SD4602261"
[1] "Running SD4602059"
[1] "Running SD4602076"
[1] "Running SD4602176"
[1] "Running 084690463"
[1] "Running SD4602017"
[1] "Running SD4602175"
[1] "Running SD4602231"
[1] "Running SD4602287"
[1] "Running SD4600264"
[1] "Running SD4601089"
[1] "Running SD4602318"
[1] "Running SD4602351"
[1] "Running 084690472"
[1] "Running SD4600428"
[1] "Running SD4600948"
[1] "Running SD4600253"
[1] "Running SD4602020"
[1] "Running SD4602027"
[1] "Running SD4602180"
[1] "Running SD4602204"
[1] "Running SD4602228"
[1] "Running SD4602241"
[1] "Running SD4602249"
[1] "Running SD4602260"
[1] "Running SD4602316"
[1] "Running 084690026"
[1] "Running SD4600072"
[1] "Running SD4602189"
[1] "Running SD4602225"
[1] "Running SD4602257"
[1] "Running SD4602266"
[1] "Running SD4602282"
[1] "Running SD4600265"
[1] "Running SD4602311"
[1] "Running SD4602151"
[1] "Running SD4602250"
[1] "Running SD4602252"
[1] "Running SD4602326"
[1] "Running SD4602343"
[1] "Running 084690033"
[1] "Running 084690438"
[1] "Running SD4602127"
[1] "Running SD4602218"
[1] "Running SD4602220"
[1] "Running SD4602135"
[1] "Running SD4602235"
[1] "Running SD4602272"
[1] "Running SD4602354"
[1] "Running SD4602136"
[1] "Running SD4602361"
[1] "Running SD4602379"
[1] "Running SD4602288"
[1] "Running SD4602362"
[1] "Running 084690027"
[1] "Running SD4602281"
[1] "Running SD4602285"
[1] "Running SD4602234"
[1] "Running SD4600160"
[1] "Running SD4600268"
[1] "Running SD4600512"
[1] "Running SD4600875"
[1] "Running SD4602172"
[1] "Running SD4602232"
[1] "Running SD4602259"
[1] "Running SD4602322"
[1] "Running SD4602331"
[1] "Running SD4602159"
[1] "Running SD4602179"
[1] "Running SD4602301"
[1] "Running SD4600863"
[1] "Running SD4602363"
[1] "Trimmed data to 4152 blocks ... 2024-05-15 18:51:22"
[1] "Saving table of blocks ... 2024-05-15 18:51:22"
[1] "Saving spatial aggegated files ... 2024-05-15 18:51:33"
Deleting layer `SD' using driver `GPKG'
Writing layer `SD' to data source 
  `/work/GRDVULN/PWS/Workflow/11_Post_Process_Missing/Outputs/Systems.gpkg' using driver `GPKG'
Writing 97 features with 8 fields and geometry type Multi Polygon.
[1] "SCRIPT COMPLETE ... 2024-05-15 18:51:33"
