[1] "Loaded Data @ 2024-05-15 18:47:55"
[1] "143 Blocks with probabilities > 0.45 ...2024-05-15 18:47:55"
[1] "10 Systems ...2024-05-15 18:48:01"
[1] "Running NN4900225"
[1] "Running NN4903072"
[1] "Running NN4903074"
[1] "Running NN4900227"
[1] "Running NN4903073"
[1] "Running NN0403055"
[1] "Running UTAH29023"
[1] "Running NN4933011"
[1] "Running UTAH23088"
[1] "Running UTAH18016"
[1] "Trimmed data to 66 blocks ... 2024-05-15 18:48:09"
[1] "Saving table of blocks ... 2024-05-15 18:48:09"
[1] "Saving spatial aggegated files ... 2024-05-15 18:48:12"
Deleting layer `UT' using driver `GPKG'
Writing layer `UT' to data source 
  `/work/GRDVULN/PWS/Workflow/11_Post_Process_Missing/Outputs/Systems.gpkg' using driver `GPKG'
Writing 10 features with 8 fields and geometry type Multi Polygon.
[1] "SCRIPT COMPLETE ... 2024-05-15 18:48:13"
