[1] "Loaded Data @ 2024-05-15 18:55:33"
[1] "14968 Blocks with probabilities > 0.45 ...2024-05-15 18:55:33"
[1] "272 Systems ...2024-05-15 18:56:49"
[1] "Running VA1035581"
[1] "Running VA6059450"
[1] "Running VA6059501"
[1] "Running VA4133560"
[1] "Running VA1121175"
[1] "Running VA5067120"
[1] "Running VA5143988"
[1] "Running VA6061008"
[1] "Running VA6061134"
[1] "Running VA6113165"
[1] "Running VA1121755"
[1] "Running VA2015450"
[1] "Running VA2015477"
[1] "Running VA6047041"
[1] "Running VA2003650"
[1] "Running VA3183820"
[1] "Running VA4073800"
[1] "Running VA5009300"
[1] "Running VA5067244"
[1] "Running VA5067961"
[1] "Running VA5117420"
[1] "Running VA6047490"
[1] "Running VA6099550"
[1] "Running VA6107700"
[1] "Running VA2015075"
[1] "Running VA2023780"
[1] "Running VA2163400"
[1] "Running VA3093111"
[1] "Running VA3175530"
[1] "Running VA4085155"
[1] "Running VA4159235"
[1] "Running VA5025625"
[1] "Running VA5067238"
[1] "Running VA5117450"
[1] "Running VA1169275"
[1] "Running VA1169900"
[1] "Running VA2003900"
[1] "Running VA2065781"
[1] "Running VA3093210"
[1] "Running VA3095528"
[1] "Running VA3131008"
[1] "Running VA4057568"
[1] "Running VA4103225"
[1] "Running VA4119527"
[1] "Running VA5029770"
[1] "Running VA5067042"
[1] "Running VA5067254"
[1] "Running VA6033200"
[1] "Running VA6047230"
[1] "Running VA6047950"
[1] "Running VA6107075"
[1] "Running VA6137900"
[1] "Running VA1185062"
[1] "Running VA4085550"
[1] "Running VA4133240"
[1] "Running VA4133620"
[1] "Running VA4133760"
[1] "Running VA4193840"
[1] "Running VA5019767"
[1] "Running VA6061150"
[1] "Running VA2161668"
[1] "Running VA4103250"
[1] "Running VA4159500"
[1] "Running VA4193650"
[1] "Running VA5067415"
[1] "Running VA5067785"
[1] "Running VA5067786"
[1] "Running VA5117371"
[1] "Running VA6059750"
[1] "Running VA1051728"
[1] "Running VA1063047"
[1] "Running VA1167137"
[1] "Running VA2017030"
[1] "Running VA2023468"
[1] "Running VA2161150"
[1] "Running VA3093850"
[1] "Running VA4036500"
[1] "Running VA4085744"
[1] "Running VA4159100"
[1] "Running VA5019800"
[1] "Running VA5025570"
[1] "Running VA5117390"
[1] "Running VA6099231"
[1] "Running VA6113100"
[1] "Running VA2171315"
[1] "Running VA3175282"
[1] "Running VA4101550"
[1] "Running VA4101950"
[1] "Running VA4103200"
[1] "Running VA5029200"
[1] "Running VA5067951"
[1] "Running VA5117419"
[1] "Running VA6033505"
[1] "Running VA6107070"
[1] "Running VA1121005"
[1] "Running VA1155446"
[1] "Running VA1155505"
[1] "Running VA2023450"
[1] "Running VA2043900"
[1] "Running VA3081730"
[1] "Running VA4036800"
[1] "Running VA4101030"
[1] "Running VA4103680"
[1] "Running VA4127455"
[1] "Running VA4127885"
[1] "Running VA4133696"
[1] "Running VA4159200"
[1] "Running VA4193675"
[1] "Running VA1063154"
[1] "Running VA1121565"
[1] "Running VA3093322"
[1] "Running VA3093580"
[1] "Running VA3093665"
[1] "Running VA3095045"
[1] "Running VA3095760"
[1] "Running VA4101097"
[1] "Running VA4103825"
[1] "Running VA4133415"
[1] "Running VA5067070"
[1] "Running VA5117375"
[1] "Running VA5117378"
[1] "Running VA5143881"
[1] "Running VA6047851"
[1] "Running VA6177266"
[1] "Running VA1051735"
[1] "Running VA1071845"
[1] "Running VA2023400"
[1] "Running VA4085700"
[1] "Running VA4115400"
[1] "Running VA4119790"
[1] "Running VA5067466"
[1] "Running VA5067725"
[1] "Running VA5143809"
[1] "Running VA6099305"
[1] "Running VA1077251"
[1] "Running VA1173010"
[1] "Running VA2109825"
[1] "Running VA4036860"
[1] "Running VA4101060"
[1] "Running VA5025150"
[1] "Running VA5067020"
[1] "Running VA5067160"
[1] "Running VA5067952"
[1] "Running VA5067990"
[1] "Running VA6047300"
[1] "Running VA1051727"
[1] "Running VA1169425"
[1] "Running VA2023734"
[1] "Running VA2125845"
[1] "Running VA3053210"
[1] "Running VA3095750"
[1] "Running VA4075735"
[1] "Running VA4103985"
[1] "Running VA4127800"
[1] "Running VA4127895"
[1] "Running VA5067341"
[1] "Running VA6047050"
[1] "Running VA6099300"
[1] "Running VA6113195"
[1] "Running VA6153676"
[1] "Running VA1021046"
[1] "Running VA1155521"
[1] "Running VA1167015"
[1] "Running VA2003440"
[1] "Running VA2015524"
[1] "Running VA2139385"
[1] "Running VA2161680"
[1] "Running VA2171400"
[1] "Running VA4127141"
[1] "Running VA5067980"
[1] "Running VA5143940"
[1] "Running VA6061666"
[1] "Running VA6099590"
[1] "Running VA6113160"
[1] "Running VA6113170"
[1] "Running VA6153082"
[1] "Running VA1051092"
[1] "Running VA1071520"
[1] "Running VA1155055"
[1] "Running VA1167240"
[1] "Running VA1173738"
[1] "Running VA2003443"
[1] "Running VA4115740"
[1] "Running VA4133080"
[1] "Running VA4133865"
[1] "Running VA4145820"
[1] "Running VA4193652"
[1] "Running VA5067129"
[1] "Running VA5067788"
[1] "Running VA5067900"
[1] "Running VA6047255"
[1] "Running VA1185754"
[1] "Running VA1185767"
[1] "Running VA2003260"
[1] "Running VA2023870"
[1] "Running VA2065265"
[1] "Running VA2165165"
[1] "Running VA3093540"
[1] "Running VA4057200"
[1] "Running VA4085200"
[1] "Running VA5019430"
[1] "Running VA6061057"
[1] "Running VA1027068"
[1] "Running VA1071920"
[1] "Running VA2003150"
[1] "Running VA2165180"
[1] "Running VA4057566"
[1] "Running VA4075520"
[1] "Running VA4075680"
[1] "Running VA4133030"
[1] "Running VA4133822"
[1] "Running VA5117125"
[1] "Running VA6047062"
[1] "Running VA6153323"
[1] "Running VA1071120"
[1] "Running VA1167814"
[1] "Running VA1169380"
[1] "Running VA2003342"
[1] "Running VA2023590"
[1] "Running VA2187515"
[1] "Running VA2187623"
[1] "Running VA6047030"
[1] "Running VA6047330"
[1] "Running VA6059550"
[1] "Running VA1071970"
[1] "Running VA1185769"
[1] "Running VA2023040"
[1] "Running VA2043625"
[1] "Running VA2079770"
[1] "Running VA2139440"
[1] "Running VA4101503"
[1] "Running VA5143214"
[1] "Running VA1105450"
[1] "Running VA1121150"
[1] "Running VA2023120"
[1] "Running VA2069300"
[1] "Running VA2165300"
[1] "Running VA3095858"
[1] "Running VA4075630"
[1] "Running VA4103338"
[1] "Running VA4103630"
[1] "Running VA1035437"
[1] "Running VA1051724"
[1] "Running VA1071675"
[1] "Running VA3175600"
[1] "Running VA4041825"
[1] "Running VA4085320"
[1] "Running VA4133420"
[1] "Running VA4159800"
[1] "Running VA5135260"
[1] "Running VA6107725"
[1] "Running VA1035745"
[1] "Running VA1191275"
[1] "Running VA4101500"
[1] "Running VA4103947"
[1] "Running VA6033150"
[1] "Running VA6061665"
[1] "Running VA1051722"
[1] "Running VA1051729"
[1] "Running VA3131851"
[1] "Running VA5067957"
[1] "Running VA6099555"
[1] "Running VA1051732"
[1] "Running VA1185400"
[1] "Running VA4085800"
[1] "Running VA4103540"
[1] "Running VA5019924"
[1] "Running VA5117831"
[1] "Running VA2023460"
[1] "Running VA2023555"
[1] "Running VA3001028"
[1] "Running VA5031275"
[1] "Trimmed data to 10583 blocks ... 2024-05-15 18:59:59"
[1] "Saving table of blocks ... 2024-05-15 18:59:59"
[1] "Saving spatial aggegated files ... 2024-05-15 19:00:25"
Deleting layer `VA' using driver `GPKG'
Writing layer `VA' to data source 
  `/work/GRDVULN/PWS/Workflow/11_Post_Process_Missing/Outputs/Systems.gpkg' using driver `GPKG'
Writing 272 features with 8 fields and geometry type Multi Polygon.
[1] "SCRIPT COMPLETE ... 2024-05-15 19:00:26"
