[1] "Loaded Data @ 2024-05-15 18:49:59"
[1] "1059 Blocks with probabilities > 0.45 ...2024-05-15 18:49:59"
[1] "88 Systems ...2024-05-15 18:50:08"
[1] "Running VT0005283"
[1] "Running VT0005397"
[1] "Running VT0005427"
[1] "Running VT0020964"
[1] "Running VT0005093"
[1] "Running VT0005556"
[1] "Running VT0005598"
[1] "Running VT0005654"
[1] "Running VT0005655"
[1] "Running VT0005325"
[1] "Running VT0005476"
[1] "Running VT0005603"
[1] "Running VT0005653"
[1] "Running VT0005041"
[1] "Running VT0005060"
[1] "Running VT0005268"
[1] "Running VT0005600"
[1] "Running VT0021384"
[1] "Running VT0005139"
[1] "Running VT0005324"
[1] "Running VT0005581"
[1] "Running VT0005583"
[1] "Running VT0020000"
[1] "Running VT0020605"
[1] "Running VT0005201"
[1] "Running VT0005280"
[1] "Running VT0005571"
[1] "Running VT0005608"
[1] "Running VT0020003"
[1] "Running VT0005134"
[1] "Running VT0005384"
[1] "Running VT0005475"
[1] "Running VT0005647"
[1] "Running VT0021207"
[1] "Running VT0005152"
[1] "Running VT0005537"
[1] "Running VT0020091"
[1] "Running VT0020552"
[1] "Running VT0005023"
[1] "Running VT0005083"
[1] "Running VT0005089"
[1] "Running VT0005181"
[1] "Running VT0005382"
[1] "Running VT0005589"
[1] "Running VT0020847"
[1] "Running VT0005374"
[1] "Running VT0005462"
[1] "Running VT0005538"
[1] "Running VT0005573"
[1] "Running VT0020737"
[1] "Running VT0021053"
[1] "Running VT0005056"
[1] "Running VT0005057"
[1] "Running VT0005590"
[1] "Running VT0020153"
[1] "Running VT0005253"
[1] "Running VT0005535"
[1] "Running VT0005596"
[1] "Running VT0020791"
[1] "Running VT0020917"
[1] "Running VT0021515"
[1] "Running VT0005221"
[1] "Running VT0005619"
[1] "Running VT0020098"
[1] "Running VT0020744"
[1] "Running VT0005493"
[1] "Running VT0005517"
[1] "Running VT0020722"
[1] "Running VT0020760"
[1] "Running VT0005180"
[1] "Running VT0005617"
[1] "Running VT0020439"
[1] "Running VT0020455"
[1] "Running VT0020775"
[1] "Running VT0005092"
[1] "Running VT0005602"
[1] "Running VT0005607"
[1] "Running VT0020867"
[1] "Running VT0021007"
[1] "Running VT0021121"
[1] "Running VT0021199"
[1] "Running VT0005255"
[1] "Running VT0005650"
[1] "Running VT0020031"
[1] "Running VT0020885"
[1] "Running VT0005529"
[1] "Running VT0005090"
[1] "Running VT0021035"
[1] "Trimmed data to 325 blocks ... 2024-05-15 18:50:20"
[1] "Saving table of blocks ... 2024-05-15 18:50:20"
[1] "Saving spatial aggegated files ... 2024-05-15 18:50:24"
Deleting layer `VT' using driver `GPKG'
Writing layer `VT' to data source 
  `/work/GRDVULN/PWS/Workflow/11_Post_Process_Missing/Outputs/Systems.gpkg' using driver `GPKG'
Writing 88 features with 8 fields and geometry type Multi Polygon.
[1] "SCRIPT COMPLETE ... 2024-05-15 18:50:25"
