[1] "Loaded Data @ 2024-05-15 18:52:09"
[1] "2039 Blocks with probabilities > 0.45 ...2024-05-15 18:52:09"
[1] "176 Systems ...2024-05-15 18:52:22"
[1] "Running WA5326214"
[1] "Running WA5378170"
[1] "Running WA5394910"
[1] "Running WA5301830"
[1] "Running WA5392829"
[1] "Running WA5356830"
[1] "Running WA5378620"
[1] "Running WA5396550"
[1] "Running WA5344150"
[1] "Running WA5302519"
[1] "Running WA5304694"
[1] "Running WA5315571"
[1] "Running WA5320527"
[1] "Running WA5347820"
[1] "Running WA5355376"
[1] "Running WA5367715"
[1] "Running WA5375670"
[1] "Running WA5385121"
[1] "Running WA5304582"
[1] "Running WA5320501"
[1] "Running WA5323994"
[1] "Running WA5361350"
[1] "Running WA5381851"
[1] "Running WA5383116"
[1] "Running WA5399110"
[1] "Running WA5302006"
[1] "Running WA5305100"
[1] "Running WA5315514"
[1] "Running WA5372807"
[1] "Running 105300006"
[1] "Running WA5300675"
[1] "Running WA5302996"
[1] "Running WA5315518"
[1] "Running WA5326879"
[1] "Running WA5379275"
[1] "Running WA53AB782"
[1] "Running 105300089"
[1] "Running WA5314691"
[1] "Running WA5354380"
[1] "Running WA5364294"
[1] "Running WA5390875"
[1] "Running WA5301371"
[1] "Running WA5310340"
[1] "Running WA5329441"
[1] "Running WA5332736"
[1] "Running WA5344400"
[1] "Running WA5357396"
[1] "Running WA5372472"
[1] "Running WA5390998"
[1] "Running WA5333366"
[1] "Running WA5363918"
[1] "Running WA5372808"
[1] "Running WA5388785"
[1] "Running WA5302328"
[1] "Running WA5308118"
[1] "Running WA5315637"
[1] "Running WA5319215"
[1] "Running WA5348800"
[1] "Running WA5376467"
[1] "Running WA53AC681"
[1] "Running 105300085"
[1] "Running 105314113"
[1] "Running WA5311625"
[1] "Running WA5316231"
[1] "Running WA5316232"
[1] "Running WA5329055"
[1] "Running WA5355175"
[1] "Running WA5380550"
[1] "Running WA5381400"
[1] "Running WA5314572"
[1] "Running WA5324165"
[1] "Running WA5325897"
[1] "Running WA5338651"
[1] "Running WA5397123"
[1] "Running 105338109"
[1] "Running WA5307200"
[1] "Running WA5315501"
[1] "Running WA5322330"
[1] "Running WA5329067"
[1] "Running WA5331989"
[1] "Running WA5336241"
[1] "Running WA5339268"
[1] "Running WA5359220"
[1] "Running WA5391000"
[1] "Running 105300031"
[1] "Running WA5302211"
[1] "Running WA5317267"
[1] "Running WA5322421"
[1] "Running WA5332071"
[1] "Running WA5333625"
[1] "Running WA5351867"
[1] "Running WA5386633"
[1] "Running WA5387600"
[1] "Running 105300021"
[1] "Running 105300115"
[1] "Running WA5308136"
[1] "Running WA5308371"
[1] "Running WA5310746"
[1] "Running WA5316964"
[1] "Running WA5332000"
[1] "Running WA5343878"
[1] "Running WA5352154"
[1] "Running WA5307667"
[1] "Running WA5312636"
[1] "Running WA5317901"
[1] "Running WA5321450"
[1] "Running WA5327510"
[1] "Running WA5329921"
[1] "Running WA5344416"
[1] "Running WA5344965"
[1] "Running WA5383310"
[1] "Running WA5388625"
[1] "Running WA5393358"
[1] "Running WA53AD193"
[1] "Running WA5306073"
[1] "Running WA5311985"
[1] "Running WA5322590"
[1] "Running WA5356560"
[1] "Running WA5356950"
[1] "Running WA5372227"
[1] "Running WA5375028"
[1] "Running WA5376658"
[1] "Running WA5380710"
[1] "Running WA5386280"
[1] "Running WA5301799"
[1] "Running WA5302273"
[1] "Running WA5305885"
[1] "Running WA5316234"
[1] "Running WA5323101"
[1] "Running WA5328340"
[1] "Running WA5333969"
[1] "Running WA5347660"
[1] "Running WA5394200"
[1] "Running WA5329075"
[1] "Running WA5303336"
[1] "Running WA5324042"
[1] "Running WA5324155"
[1] "Running WA5312366"
[1] "Running WA5329615"
[1] "Running WA5335126"
[1] "Running WA5337925"
[1] "Running WA5371397"
[1] "Running WA5386115"
[1] "Running WA53AC660"
[1] "Running WA5311656"
[1] "Running WA5314001"
[1] "Running WA5325060"
[1] "Running WA5331975"
[1] "Running WA5347451"
[1] "Running WA5370690"
[1] "Running WA5300567"
[1] "Running WA5336233"
[1] "Running WA5347700"
[1] "Running WA5351350"
[1] "Running WA5370250"
[1] "Running WA5383290"
[1] "Running WA53AC008"
[1] "Running WA53AC993"
[1] "Running WA5345750"
[1] "Running WA5363210"
[1] "Running WA53AD259"
[1] "Running WA53AD929"
[1] "Running WA5300837"
[1] "Running WA5301842"
[1] "Running WA5326648"
[1] "Running WA5351400"
[1] "Running WA53AA046"
[1] "Running WA5305950"
[1] "Running WA5308760"
[1] "Running WA5323341"
[1] "Running WA5325932"
[1] "Running WA5337286"
[1] "Running WA5388315"
[1] "Running WA53AB290"
[1] "Running WA53AC914"
[1] "Running WA53AE123"
[1] "Trimmed data to 823 blocks ... 2024-05-15 18:52:39"
[1] "Saving table of blocks ... 2024-05-15 18:52:39"
[1] "Saving spatial aggegated files ... 2024-05-15 18:52:44"
Deleting layer `WA' using driver `GPKG'
Writing layer `WA' to data source 
  `/work/GRDVULN/PWS/Workflow/11_Post_Process_Missing/Outputs/Systems.gpkg' using driver `GPKG'
Writing 176 features with 8 fields and geometry type Multi Polygon.
[1] "SCRIPT COMPLETE ... 2024-05-15 18:52:44"
