[1] "Loaded Data @ 2024-05-15 18:57:06"
[1] "3056 Blocks with probabilities > 0.45 ...2024-05-15 18:57:06"
[1] "179 Systems ...2024-05-15 18:57:22"
[1] "Running WI4051769"
[1] "Running WI1230076"
[1] "Running WI7500269"
[1] "Running WI8580535"
[1] "Running WI4052077"
[1] "Running WI6180288"
[1] "Running WI1110107"
[1] "Running WI6270004"
[1] "Running 055295509"
[1] "Running WI1570924"
[1] "Running WI2680224"
[1] "Running WI6630256"
[1] "Running WI7210105"
[1] "Running WI1130250"
[1] "Running WI1541223"
[1] "Running WI1570110"
[1] "Running WI2460066"
[1] "Running WI2520175"
[1] "Running WI7370123"
[1] "Running WI8070023"
[1] "Running WI1250318"
[1] "Running WI1540121"
[1] "Running WI2685747"
[1] "Running WI4200798"
[1] "Running WI4430504"
[1] "Running WI4690392"
[1] "Running WI7440117"
[1] "Running WI7641357"
[1] "Running WI7720139"
[1] "Running WI1110110"
[1] "Running WI1280101"
[1] "Running WI1540124"
[1] "Running WI2680236"
[1] "Running WI4600487"
[1] "Running WI6090445"
[1] "Running WI6100332"
[1] "Running WI6560128"
[1] "Running 055295706"
[1] "Running WI1250272"
[1] "Running WI1540126"
[1] "Running WI2300174"
[1] "Running WI2460705"
[1] "Running WI2670109"
[1] "Running WI4240223"
[1] "Running WI4710458"
[1] "Running WI6320314"
[1] "Running WI7350094"
[1] "Running WI7440087"
[1] "Running 055295016"
[1] "Running WI1220088"
[1] "Running WI2651311"
[1] "Running WI2680246"
[1] "Running WI4690397"
[1] "Running WI7440121"
[1] "Running WI1110248"
[1] "Running WI1281056"
[1] "Running WI1570086"
[1] "Running WI2460114"
[1] "Running WI2460162"
[1] "Running WI2460823"
[1] "Running WI2680203"
[1] "Running WI4080268"
[1] "Running WI6100336"
[1] "Running WI1110109"
[1] "Running WI1140142"
[1] "Running WI1280106"
[1] "Running WI1280121"
[1] "Running WI1281162"
[1] "Running WI2300117"
[1] "Running WI2460796"
[1] "Running WI4430494"
[1] "Running WI4451734"
[1] "Running WI6030140"
[1] "Running WI6270289"
[1] "Running WI7290127"
[1] "Running WI1280125"
[1] "Running WI1570503"
[1] "Running WI2410589"
[1] "Running WI2460791"
[1] "Running WI2460982"
[1] "Running WI2520196"
[1] "Running WI2670063"
[1] "Running WI2670123"
[1] "Running WI4310284"
[1] "Running WI6480345"
[1] "Running WI6560125"
[1] "Running WI7210112"
[1] "Running WI1110126"
[1] "Running WI1220114"
[1] "Running WI1220121"
[1] "Running WI2651482"
[1] "Running WI2671738"
[1] "Running WI2685101"
[1] "Running WI4590468"
[1] "Running WI6030130"
[1] "Running WI6620326"
[1] "Running WI7440139"
[1] "Running WI8160143"
[1] "Running WI1110104"
[1] "Running WI2300498"
[1] "Running WI2460151"
[1] "Running WI2650156"
[1] "Running WI2670580"
[1] "Running WI2680212"
[1] "Running WI2680242"
[1] "Running WI2680862"
[1] "Running WI4200429"
[1] "Running WI4200490"
[1] "Running WI6180300"
[1] "Running WI6321133"
[1] "Running WI7010592"
[1] "Running WI7370157"
[1] "Running WI7440609"
[1] "Running WI7641359"
[1] "Running WI8550135"
[1] "Running WI8610411"
[1] "Running WI1220095"
[1] "Running WI1230081"
[1] "Running WI1540770"
[1] "Running WI2301080"
[1] "Running WI2460128"
[1] "Running WI2681086"
[1] "Running WI6180281"
[1] "Running WI8510223"
[1] "Running WI1132500"
[1] "Running WI1330264"
[1] "Running WI2300871"
[1] "Running WI2685345"
[1] "Running WI4451651"
[1] "Running WI6120331"
[1] "Running WI1220100"
[1] "Running WI1280120"
[1] "Running WI2301743"
[1] "Running WI2413464"
[1] "Running WI2460150"
[1] "Running WI2522850"
[1] "Running WI7370152"
[1] "Running WI2460955"
[1] "Running WI2680624"
[1] "Running WI2685960"
[1] "Running WI2460113"
[1] "Running WI2460142"
[1] "Running WI2684746"
[1] "Running WI2685370"
[1] "Running WI6180285"
[1] "Running WI7290126"
[1] "Running WI7720535"
[1] "Running WI1140156"
[1] "Running WI2301565"
[1] "Running WI2670107"
[1] "Running WI2680278"
[1] "Running WI6030422"
[1] "Running WI7440128"
[1] "Running WI1130603"
[1] "Running WI2686619"
[1] "Running WI7290555"
[1] "Running WI1132759"
[1] "Running WI1134098"
[1] "Running WI1280829"
[1] "Running WI2680201"
[1] "Running WI2680279"
[1] "Running WI1280123"
[1] "Running WI2686466"
[1] "Running WI1130277"
[1] "Running WI2460694"
[1] "Running WI2460817"
[1] "Running WI6560131"
[1] "Running WI1132499"
[1] "Running WI2300172"
[1] "Running WI2680195"
[1] "Running WI2680288"
[1] "Running WI2682406"
[1] "Running WI4052639"
[1] "Running WI2300486"
[1] "Running WI2460139"
[1] "Running WI2685211"
[1] "Running WI2686114"
[1] "Running WI2686337"
[1] "Running WI6180290"
[1] "Trimmed data to 539 blocks ... 2024-05-15 18:57:43"
[1] "Saving table of blocks ... 2024-05-15 18:57:43"
[1] "Saving spatial aggegated files ... 2024-05-15 18:57:49"
Deleting layer `WI' using driver `GPKG'
Writing layer `WI' to data source 
  `/work/GRDVULN/PWS/Workflow/11_Post_Process_Missing/Outputs/Systems.gpkg' using driver `GPKG'
Writing 179 features with 8 fields and geometry type Multi Polygon.
[1] "SCRIPT COMPLETE ... 2024-05-15 18:57:49"
