[1] "Loaded Data @ 2024-05-15 18:53:52"
[1] "2043 Blocks with probabilities > 0.45 ...2024-05-15 18:53:52"
[1] "27 Systems ...2024-05-15 18:54:00"
[1] "Running WV3302717"
[1] "Running WV3305407"
[1] "Running WV3301722"
[1] "Running WV3303209"
[1] "Running WV3301109"
[1] "Running WV3301110"
[1] "Running WV3300236"
[1] "Running WV3300238"
[1] "Running WV3303924"
[1] "Running WV3304913"
[1] "Running WV3301949"
[1] "Running WV3302417"
[1] "Running WV3303013"
[1] "Running WV3301605"
[1] "Running WV3301736"
[1] "Running WV3302475"
[1] "Running WV3300902"
[1] "Running WV3301303"
[1] "Running WV3301611"
[1] "Running WV3301612"
[1] "Running WV3304912"
[1] "Running WV3301737"
[1] "Running WV3303313"
[1] "Running WV3302715"
[1] "Running WV3302361"
[1] "Running WV3303032"
[1] "Running WV3304020"
[1] "Trimmed data to 1325 blocks ... 2024-05-15 18:54:16"
[1] "Saving table of blocks ... 2024-05-15 18:54:16"
[1] "Saving spatial aggegated files ... 2024-05-15 18:54:19"
Deleting layer `WV' using driver `GPKG'
Writing layer `WV' to data source 
  `/work/GRDVULN/PWS/Workflow/11_Post_Process_Missing/Outputs/Systems.gpkg' using driver `GPKG'
Writing 27 features with 8 fields and geometry type Multi Polygon.
[1] "SCRIPT COMPLETE ... 2024-05-15 18:54:20"
