[1] "Loaded Data @ 2024-05-15 18:49:43"
[1] "2825 Blocks with probabilities > 0.45 ...2024-05-15 18:49:43"
[1] "90 Systems ...2024-05-15 18:50:24"
[1] "Running WY5600435"
[1] "Running WY5600168"
[1] "Running WY5601248"
[1] "Running WY5600758"
[1] "Running WY5600217"
[1] "Running WY5601275"
[1] "Running WY5601457"
[1] "Running WY5601620"
[1] "Running WY5600132"
[1] "Running WY5600820"
[1] "Running WY5600229"
[1] "Running WY5600737"
[1] "Running WY5600898"
[1] "Running WY5601032"
[1] "Running WY5601695"
[1] "Running WY5600221"
[1] "Running WY5601225"
[1] "Running WY5600051"
[1] "Running WY5600097"
[1] "Running WY5600141"
[1] "Running WY5600216"
[1] "Running WY5600756"
[1] "Running WY5600970"
[1] "Running WY5601198"
[1] "Running WY5601626"
[1] "Running WY5601641"
[1] "Running WY5601673"
[1] "Running WY5600195"
[1] "Running WY5600258"
[1] "Running WY5680103"
[1] "Running WY5601519"
[1] "Running WY5601576"
[1] "Running WY5600154"
[1] "Running WY5600179"
[1] "Running WY5601017"
[1] "Running WY5601507"
[1] "Running WY5600208"
[1] "Running WY5600976"
[1] "Running WY5601657"
[1] "Running WY5600745"
[1] "Running WY5600836"
[1] "Running WY5601193"
[1] "Running WY5601233"
[1] "Running WY5601454"
[1] "Running WY5601607"
[1] "Running WY5601728"
[1] "Running WY5600021"
[1] "Running WY5601004"
[1] "Running WY5601173"
[1] "Running WY5600786"
[1] "Running WY5601494"
[1] "Running WY5601533"
[1] "Running WY5601579"
[1] "Running WY5601581"
[1] "Running WY5600212"
[1] "Running WY5600789"
[1] "Running WY5601028"
[1] "Running WY5601496"
[1] "Running WY5601645"
[1] "Running WY5600082"
[1] "Running WY5601279"
[1] "Running WY5601357"
[1] "Running WY5601608"
[1] "Running WY5601639"
[1] "Running WY5601719"
[1] "Running WY5601733"
[1] "Running WY5600263"
[1] "Running WY5600805"
[1] "Running WY5601343"
[1] "Running WY5601353"
[1] "Running WY5601596"
[1] "Running WY5601630"
[1] "Running WY5601187"
[1] "Running WY5600122"
[1] "Running WY5601339"
[1] "Running WY5600050"
[1] "Running WY5600127"
[1] "Running WY5601231"
[1] "Running WY5601730"
[1] "Running WY5601239"
[1] "Running WY5601632"
[1] "Running WY5601633"
[1] "Running WY5601449"
[1] "Running WY5600806"
[1] "Running WY5601401"
[1] "Running WY5601593"
[1] "Running WY5601615"
[1] "Running WY5601720"
[1] "Running WY5601289"
[1] "Running WY5601609"
[1] "Trimmed data to 664 blocks ... 2024-05-15 18:51:11"
[1] "Saving table of blocks ... 2024-05-15 18:51:11"
[1] "Saving spatial aggegated files ... 2024-05-15 18:51:23"
Deleting layer `WY' using driver `GPKG'
Writing layer `WY' to data source 
  `/work/GRDVULN/PWS/Workflow/11_Post_Process_Missing/Outputs/Systems.gpkg' using driver `GPKG'
Writing 90 features with 8 fields and geometry type Multi Polygon.
[1] "SCRIPT COMPLETE ... 2024-05-15 18:51:23"
